#XSPEC version: 12.8.2
#Build Date/Time: Sun Sep 14 13:22:52 2014
#
!XSPEC12>statistic chi;
#Default fit statistic is set to: Chi-Squared
#   This will apply to all current and newly loaded spectra.
#
!XSPEC12>abund angr;
# Solar Abundance Vector set to angr:  Anders E. & Grevesse N. Geochimica et Cosmochimica Acta 53, 197 (1989)
#
!XSPEC12>method leven 100 0.01;
#
!XSPEC12>xsect vern;
# Cross Section Table set to vern:  Verner, Ferland, Korista, and Yakovlev 1996
#
!XSPEC12>cosmo 70 0 0.7;
#
!XSPEC12>query yes;
#
!XSPEC12>data 1:1 ../0502020201/analysis/mos1S001-obj-bkg-grp30.pi;
#***Warning: Detected response matrix energy bin value = 0 (or neg).
#     XSPEC will instead use small finite value (response file will not be altered).
#
#1 spectrum  in use
# 
#Spectral Data File: ../0502020201/analysis/mos1S001-obj-bkg-grp30.pi  Spectrum 1
#Net count rate (cts/s) for Spectrum:1  1.528e-01 +/- 3.344e-03 (40.2 % total)
# Assigned to Data Group 1 and Plot Group 1
#  Noticed Channels:  1-373
#  Telescope: XMM Instrument: EMOS1  Channel Type: PI
#  Exposure Time: 3.502e+04 sec
# Using fit statistic: chi
# Using test statistic: chi
# Using Background File                ../0502020201/analysis/mos1S001-back-bkg.pi
#  Background Exposure Time: 3.502e+04 sec
# Using Response (RMF) File            ../0502020201/analysis/mos1S001-bkg.rmf for Source 1
# Using Auxiliary Response (ARF) File  ../0502020201/analysis/mos1S001-bkg.arf
#
#
!XSPEC12>data 2:2 ../0502020201/analysis/mos2S002-obj-bkg-grp30.pi;
#***Warning: Detected response matrix energy bin value = 0 (or neg).
#     XSPEC will instead use small finite value (response file will not be altered).
#
#2 spectra  in use
# 
#Spectral Data File: ../0502020201/analysis/mos2S002-obj-bkg-grp30.pi  Spectrum 2
#Net count rate (cts/s) for Spectrum:2  2.146e-01 +/- 3.800e-03 (41.6 % total)
# Assigned to Data Group 2 and Plot Group 2
#  Noticed Channels:  1-493
#  Telescope: XMM Instrument: EMOS2  Channel Type: PI
#  Exposure Time: 3.654e+04 sec
# Using fit statistic: chi
# Using test statistic: chi
# Using Background File                ../0502020201/analysis/mos2S002-back-bkg.pi
#  Background Exposure Time: 3.654e+04 sec
# Using Response (RMF) File            ../0502020201/analysis/mos2S002-bkg.rmf for Source 1
# Using Auxiliary Response (ARF) File  ../0502020201/analysis/mos2S002-bkg.arf
#
#
!XSPEC12>data 3:3 ../0502020201/analysis/pnS003-obj-os-bkg-grp30.pi;
#*** Warning: file contains COUNTS column but HDUCLAS3 keyword is set to COUNT
#
#3 spectra  in use
# 
#Spectral Data File: ../0502020201/analysis/pnS003-obj-os-bkg-grp30.pi  Spectrum 3
#Net count rate (cts/s) for Spectrum:3  1.234e+00 +/- 1.157e-02 (51.4 % total)
# Assigned to Data Group 3 and Plot Group 3
#  Noticed Channels:  1-764
#  Telescope: XMM Instrument: EPN  Channel Type: PI
#  Exposure Time: 1.906e+04 sec
# Using fit statistic: chi
# Using test statistic: chi
# Using Background File                ../0502020201/analysis/pnS003-back-bkg.pi
#  Background Exposure Time: 1.906e+04 sec
# Using Response (RMF) File            ../0502020201/analysis/pnS003-bkg.rmf for Source 1
# Using Auxiliary Response (ARF) File  ../0502020201/analysis/pnS003-bkg.arf
#
#
!XSPEC12>data 4:4 ../0502020101/analysis/mos1S001-obj-bkg-grp30.pi;
#***Warning: Detected response matrix energy bin value = 0 (or neg).
#     XSPEC will instead use small finite value (response file will not be altered).
#
#4 spectra  in use
# 
#Spectral Data File: ../0502020101/analysis/mos1S001-obj-bkg-grp30.pi  Spectrum 4
#Net count rate (cts/s) for Spectrum:4  6.897e-02 +/- 2.839e-03 (42.0 % total)
# Assigned to Data Group 4 and Plot Group 4
#  Noticed Channels:  1-124
#  Telescope: XMM Instrument: EMOS1  Channel Type: PI
#  Exposure Time: 2.05e+04 sec
# Using fit statistic: chi
# Using test statistic: chi
# Using Background File                ../0502020101/analysis/mos1S001-back-bkg.pi
#  Background Exposure Time: 2.05e+04 sec
# Using Response (RMF) File            ../0502020101/analysis/mos1S001-bkg.rmf for Source 1
# Using Auxiliary Response (ARF) File  ../0502020101/analysis/mos1S001-bkg.arf
#
#
!XSPEC12>data 5:5 ../0502020101/analysis/mos2S002-obj-bkg-grp30.pi;
#***Warning: Detected response matrix energy bin value = 0 (or neg).
#     XSPEC will instead use small finite value (response file will not be altered).
#
#5 spectra  in use
# 
#Spectral Data File: ../0502020101/analysis/mos2S002-obj-bkg-grp30.pi  Spectrum 5
#Net count rate (cts/s) for Spectrum:5  1.677e-01 +/- 4.391e-03 (39.9 % total)
# Assigned to Data Group 5 and Plot Group 5
#  Noticed Channels:  1-278
#  Telescope: XMM Instrument: EMOS2  Channel Type: PI
#  Exposure Time: 2.218e+04 sec
# Using fit statistic: chi
# Using test statistic: chi
# Using Background File                ../0502020101/analysis/mos2S002-back-bkg.pi
#  Background Exposure Time: 2.218e+04 sec
# Using Response (RMF) File            ../0502020101/analysis/mos2S002-bkg.rmf for Source 1
# Using Auxiliary Response (ARF) File  ../0502020101/analysis/mos2S002-bkg.arf
#
#
!XSPEC12>data 6:6 ../0502020101/analysis/pnS003-obj-os-bkg-grp30.pi;
#*** Warning: file contains COUNTS column but HDUCLAS3 keyword is set to COUNT
#
#6 spectra  in use
# 
#Spectral Data File: ../0502020101/analysis/pnS003-obj-os-bkg-grp30.pi  Spectrum 6
#Net count rate (cts/s) for Spectrum:6  8.958e-01 +/- 1.146e-02 (52.8 % total)
# Assigned to Data Group 6 and Plot Group 6
#  Noticed Channels:  1-473
#  Telescope: XMM Instrument: EPN  Channel Type: PI
#  Exposure Time: 1.35e+04 sec
# Using fit statistic: chi
# Using test statistic: chi
# Using Background File                ../0502020101/analysis/pnS003-back-bkg.pi
#  Background Exposure Time: 1.35e+04 sec
# Using Response (RMF) File            ../0502020101/analysis/pnS003-bkg.rmf for Source 1
# Using Auxiliary Response (ARF) File  ../0502020101/analysis/pnS003-bkg.arf
#
#
!XSPEC12>resp 2:1 mos1-diag.rsp.gz;
#
!XSPEC12>response 2:1 mos1-diag.rsp.gz
#***Warning: Detected response matrix energy bin value = 0 (or neg).
#     XSPEC will instead use small finite value (response file will not be altered).
#Response successfully loaded.
#
!XSPEC12>resp 3:2 mos2-diag.rsp.gz;
#
!XSPEC12>response 3:2 mos2-diag.rsp.gz
#***Warning: Detected response matrix energy bin value = 0 (or neg).
#     XSPEC will instead use small finite value (response file will not be altered).
#Response successfully loaded.
#
!XSPEC12>resp 4:3 pn-diag.rsp.gz;
#
!XSPEC12>response 4:3 pn-diag.rsp.gz
#***Warning: Detected response matrix energy bin value = 0 (or neg).
#     XSPEC will instead use small finite value (response file will not be altered).
#Warning: RMF TELESCOPE keyword is not consistent with spectrum
#Warning: RMF INSTRUMENT keyword is not consistent with spectrum
#Response successfully loaded.
#
!XSPEC12>resp 5:4 mos1-diag.rsp.gz;
#
!XSPEC12>response 5:4 mos1-diag.rsp.gz
#***Warning: Detected response matrix energy bin value = 0 (or neg).
#     XSPEC will instead use small finite value (response file will not be altered).
#Response successfully loaded.
#
!XSPEC12>resp 6:5 mos2-diag.rsp.gz;
#
!XSPEC12>response 6:5 mos2-diag.rsp.gz
#***Warning: Detected response matrix energy bin value = 0 (or neg).
#     XSPEC will instead use small finite value (response file will not be altered).
#Response successfully loaded.
#
!XSPEC12>resp 7:6 pn-diag.rsp.gz ;
#
!XSPEC12>response 7:6 pn-diag.rsp.gz
#***Warning: Detected response matrix energy bin value = 0 (or neg).
#     XSPEC will instead use small finite value (response file will not be altered).
#Warning: RMF TELESCOPE keyword is not consistent with spectrum
#Warning: RMF INSTRUMENT keyword is not consistent with spectrum
#Response successfully loaded.
#
!XSPEC12>ig 1-6:**-0.5,7.0-**;
#
!XSPEC12>ignore 1-6:**-0.5,7.0-**
#    47 channels (1-47) ignored in spectrum #     1
#    61 channels (1-61) ignored in spectrum #     2
#    65 channels (1-65) ignored in spectrum #     3
#    14 channels (1-14) ignored in spectrum #     4
#    35 channels (1-35) ignored in spectrum #     5
#    53 channels (1-53) ignored in spectrum #     6
#   101 channels (273-373) ignored in spectrum #     1
#   137 channels (357-493) ignored in spectrum #     2
#   339 channels (426-764) ignored in spectrum #     3
#    43 channels (82-124) ignored in spectrum #     4
#    76 channels (203-278) ignored in spectrum #     5
#   240 channels (234-473) ignored in spectrum #     6
#
#
!XSPEC12>ig 1-6:1.2-1.9;
#
!XSPEC12>ignore 1-6:1.2-1.9
#    58 channels (85-142) ignored in spectrum #     1
#    71 channels (115-185) ignored in spectrum #     2
#    71 channels (146-216) ignored in spectrum #     3
#    24 channels (25-48) ignored in spectrum #     4
#    47 channels (66-112) ignored in spectrum #     5
#    37 channels (98-134) ignored in spectrum #     6
#
#
!XSPEC12>ig bad;
#
!XSPEC12>ignore bad
#
#ignore:    20 channels ignored from  source number 4
#ignore:     7 channels ignored from  source number 5
#ignore:    55 channels ignored from  source number 6
#ignore:     7 channels ignored from  source number 1
#ignore:     6 channels ignored from  source number 2
#ignore:     3 channels ignored from  source number 3
#
!XSPEC12>model gauss+gauss+const*const*(gauss+gauss+apec+(apec+apec+pow+apec)*phabs)  ;  1.49002            -0.01          0          0      1e+06      1e+06  ;  0                  -0.05          0          0         10         20  ;  0e-4               -0.01          0          0      1e+24      1e+24  ;  1.74499            -0.01          0          0      1e+06      1e+06  ;  0                  -0.05          0          0         10         20  ;  0e-4               -0.01          0          0      1e+24      1e+24  ;  1                  -0.01          0          0          2          2  ;  120.979            -0.01          0          0      1e+10      1e+10  ;  0.56               -0.05          0          0      1e+06      1e+06  ;  0                  -0.05          0          0         10         20  ;  0                  -0.01          0          0      1e+24      1e+24  ;  0.65               -0.05          0          0      1e+06      1e+06  ;  0                  -0.05          0          0         10         20  ;  0                  -0.01          0          0      1e+24      1e+24  ;  0.08              -0.001      0.008      0.008         64         64  ;  1.0                -0.01          0          0          5          5  ;  0.0                -0.01          0          0          2          2  ;  8.16879E-07        0.001          0          0      1e+24      1e+24  ;  0.2                 0.01      0.008      0.008         64         64  ;  1.0                -0.01          0          0          5          5  ;  0.0                -0.01          0          0          2          2  ;  5E-06               0.01          0          0      1e+24      1e+24  ;  0.8                -0.01      0.008      0.008         64         64  ;  1.0                -0.01          0          0          5          5  ;  0.0                -0.01          0          0          2          2  ;  0E-07              -0.01          0          0      1e+24      1e+24  ;  1.41               -0.01         -3         -2          9         10  ;  1E-06               0.01          0          0      1e+24      1e+24  ;  5.0                -0.01      0.008      0.008         64         64  ;  0.20               -0.01          0          0          5          5  ;  0.225              -0.01          0          0          2          2  ;  0e-4               -0.01          0          0      1e+24      1e+24  ;  0.0162            -0.001          0        0.0      1.000      1.000  ;  =1  ;  =2  ;  =3  ;  =4  ;  =5  ;  =6  ;  1                  -0.01          0          0          2          2  ;  164.686            -0.01          0          0      1e+10      1e+10  ;  =9  ;  =10  ;  =11  ;  =12  ;  =13  ;  =14  ;  =15  ;  =16  ;  =17  ;  =18  ;  =19  ;  =20  ;  =21  ;  =22  ;  =23  ;  =24  ;  =25  ;  =26  ;  =27  ;  =28  ;  =29  ;  =30  ;  =31  ;  =32  ;  =33  ;  =1  ;  =2  ;  =3  ;  =4  ;  =5  ;  =6  ;  1                  -0.01          0          0          2          2  ;  156.228            -0.01          0          0      1e+10      1e+10  ;  =9  ;  =10  ;  =11  ;  =12  ;  =13  ;  =14  ;  =15  ;  =16  ;  =17  ;  =18  ;  =19  ;  =20  ;  =21  ;  =22  ;  =23  ;  =24  ;  =25  ;  =26  ;  =27  ;  =28  ;  =29  ;  =30  ;  =31  ;  =32  ;  =33  ;  =1  ;  =2  ;  =3  ;  =4  ;  =5  ;  =6  ;  1                  -0.01          0          0          2          2  ;  57.110             -0.01          0          0      1e+10      1e+10  ;  =9  ;  =10  ;  =11  ;  =12  ;  =13  ;  =14  ;  =15  ;  =16  ;  =17  ;  =18  ;  =19  ;  =20  ;  =21  ;  =22  ;  =23  ;  =24  ;  =25  ;  =26  ;  =27  ;  5e-7          0.01          0          0      1e+24      1e+24  ;  =29  ;  =30  ;  =31  ;  =32  ;  =33  ;  =1  ;  =2  ;  =3  ;  =4  ;  =5  ;  =6  ;  1                  -0.01          0          0          2          2  ;  133.743            -0.01          0          0      1e+10      1e+10  ;  =9  ;  =10  ;  =11  ;  =12  ;  =13  ;  =14  ;  =15  ;  =16  ;  =17  ;  =18  ;  =19  ;  =20  ;  =21  ;  =22  ;  =23  ;  =24  ;  =25  ;  =26  ;  =27  ;  =127  ;  =29  ;  =30  ;  =31  ;  =32  ;  =33  ;  =1  ;  =2  ;  =3  ;  =4  ;  =5  ;  =6  ;  1                  -0.01          0          0          2          2  ;  106.003            -0.01          0          0      1e+10      1e+10  ;  =9  ;  =10  ;  =11  ;  =12  ;  =13  ;  =14  ;  =15  ;  =16  ;  =17  ;  =18  ;  =19  ;  =20  ;  =21  ;  =22  ;  =23  ;  =24  ;  =25  ;  =26  ;  =27  ;  =127  ;  =29  ;  =30  ;  =31  ;  =32  ;  =33;
#
#========================================================================
#Model gaussian<1> + gaussian<2> + constant<3>*constant<4>(gaussian<5> + gaussian<6> + apec<7> + (apec<8> + apec<9> + powerlaw<10> + apec<11>)phabs<12>) Source No.: 1   Active/On
#Model Model Component  Parameter  Unit     Value
# par  comp
#                           Data group: 1
#   1    1   gaussian   LineE      keV      1.49002      frozen
#   2    1   gaussian   Sigma      keV      0.0          frozen
#   3    1   gaussian   norm                0.0          frozen
#   4    2   gaussian   LineE      keV      1.74499      frozen
#   5    2   gaussian   Sigma      keV      0.0          frozen
#   6    2   gaussian   norm                0.0          frozen
#   7    3   constant   factor              1.00000      frozen
#   8    4   constant   factor              120.979      frozen
#   9    5   gaussian   LineE      keV      0.560000     frozen
#  10    5   gaussian   Sigma      keV      0.0          frozen
#  11    5   gaussian   norm                0.0          frozen
#  12    6   gaussian   LineE      keV      0.650000     frozen
#  13    6   gaussian   Sigma      keV      0.0          frozen
#  14    6   gaussian   norm                0.0          frozen
#  15    7   apec       kT         keV      8.00000E-02  frozen
#  16    7   apec       Abundanc            1.00000      frozen
#  17    7   apec       Redshift            0.0          frozen
#  18    7   apec       norm                8.16879E-07  +/-  0.0          
#  19    8   apec       kT         keV      0.200000     +/-  0.0          
#  20    8   apec       Abundanc            1.00000      frozen
#  21    8   apec       Redshift            0.0          frozen
#  22    8   apec       norm                5.00000E-06  +/-  0.0          
#  23    9   apec       kT         keV      0.800000     frozen
#  24    9   apec       Abundanc            1.00000      frozen
#  25    9   apec       Redshift            0.0          frozen
#  26    9   apec       norm                0.0          frozen
#  27   10   powerlaw   PhoIndex            1.41000      frozen
#  28   10   powerlaw   norm                1.00000E-06  +/-  0.0          
#  29   11   apec       kT         keV      5.00000      frozen
#  30   11   apec       Abundanc            0.200000     frozen
#  31   11   apec       Redshift            0.225000     frozen
#  32   11   apec       norm                0.0          frozen
#  33   12   phabs      nH         10^22    1.62000E-02  frozen
#                           Data group: 2
#  34    1   gaussian   LineE      keV      1.49002      = 1
#  35    1   gaussian   Sigma      keV      0.0          = 2
#  36    1   gaussian   norm                0.0          = 3
#  37    2   gaussian   LineE      keV      1.74499      = 4
#  38    2   gaussian   Sigma      keV      0.0          = 5
#  39    2   gaussian   norm                0.0          = 6
#  40    3   constant   factor              1.00000      frozen
#  41    4   constant   factor              164.686      frozen
#  42    5   gaussian   LineE      keV      0.560000     = 9
#  43    5   gaussian   Sigma      keV      0.0          = 10
#  44    5   gaussian   norm                0.0          = 11
#  45    6   gaussian   LineE      keV      0.650000     = 12
#  46    6   gaussian   Sigma      keV      0.0          = 13
#  47    6   gaussian   norm                0.0          = 14
#  48    7   apec       kT         keV      8.00000E-02  = 15
#  49    7   apec       Abundanc            1.00000      = 16
#  50    7   apec       Redshift            0.0          = 17
#  51    7   apec       norm                8.16879E-07  = 18
#  52    8   apec       kT         keV      0.200000     = 19
#  53    8   apec       Abundanc            1.00000      = 20
#  54    8   apec       Redshift            0.0          = 21
#  55    8   apec       norm                5.00000E-06  = 22
#  56    9   apec       kT         keV      0.800000     = 23
#  57    9   apec       Abundanc            1.00000      = 24
#  58    9   apec       Redshift            0.0          = 25
#  59    9   apec       norm                0.0          = 26
#  60   10   powerlaw   PhoIndex            1.41000      = 27
#  61   10   powerlaw   norm                1.00000E-06  = 28
#  62   11   apec       kT         keV      5.00000      = 29
#  63   11   apec       Abundanc            0.200000     = 30
#  64   11   apec       Redshift            0.225000     = 31
#  65   11   apec       norm                0.0          = 32
#  66   12   phabs      nH         10^22    1.62000E-02  = 33
#                           Data group: 3
#  67    1   gaussian   LineE      keV      1.49002      = 1
#  68    1   gaussian   Sigma      keV      0.0          = 2
#  69    1   gaussian   norm                0.0          = 3
#  70    2   gaussian   LineE      keV      1.74499      = 4
#  71    2   gaussian   Sigma      keV      0.0          = 5
#  72    2   gaussian   norm                0.0          = 6
#  73    3   constant   factor              1.00000      frozen
#  74    4   constant   factor              156.228      frozen
#  75    5   gaussian   LineE      keV      0.560000     = 9
#  76    5   gaussian   Sigma      keV      0.0          = 10
#  77    5   gaussian   norm                0.0          = 11
#  78    6   gaussian   LineE      keV      0.650000     = 12
#  79    6   gaussian   Sigma      keV      0.0          = 13
#  80    6   gaussian   norm                0.0          = 14
#  81    7   apec       kT         keV      8.00000E-02  = 15
#  82    7   apec       Abundanc            1.00000      = 16
#  83    7   apec       Redshift            0.0          = 17
#  84    7   apec       norm                8.16879E-07  = 18
#  85    8   apec       kT         keV      0.200000     = 19
#  86    8   apec       Abundanc            1.00000      = 20
#  87    8   apec       Redshift            0.0          = 21
#  88    8   apec       norm                5.00000E-06  = 22
#  89    9   apec       kT         keV      0.800000     = 23
#  90    9   apec       Abundanc            1.00000      = 24
#  91    9   apec       Redshift            0.0          = 25
#  92    9   apec       norm                0.0          = 26
#  93   10   powerlaw   PhoIndex            1.41000      = 27
#  94   10   powerlaw   norm                1.00000E-06  = 28
#  95   11   apec       kT         keV      5.00000      = 29
#  96   11   apec       Abundanc            0.200000     = 30
#  97   11   apec       Redshift            0.225000     = 31
#  98   11   apec       norm                0.0          = 32
#  99   12   phabs      nH         10^22    1.62000E-02  = 33
#                           Data group: 4
# 100    1   gaussian   LineE      keV      1.49002      = 1
# 101    1   gaussian   Sigma      keV      0.0          = 2
# 102    1   gaussian   norm                0.0          = 3
# 103    2   gaussian   LineE      keV      1.74499      = 4
# 104    2   gaussian   Sigma      keV      0.0          = 5
# 105    2   gaussian   norm                0.0          = 6
# 106    3   constant   factor              1.00000      frozen
# 107    4   constant   factor              57.1100      frozen
# 108    5   gaussian   LineE      keV      0.560000     = 9
# 109    5   gaussian   Sigma      keV      0.0          = 10
# 110    5   gaussian   norm                0.0          = 11
# 111    6   gaussian   LineE      keV      0.650000     = 12
# 112    6   gaussian   Sigma      keV      0.0          = 13
# 113    6   gaussian   norm                0.0          = 14
# 114    7   apec       kT         keV      8.00000E-02  = 15
# 115    7   apec       Abundanc            1.00000      = 16
# 116    7   apec       Redshift            0.0          = 17
# 117    7   apec       norm                8.16879E-07  = 18
# 118    8   apec       kT         keV      0.200000     = 19
# 119    8   apec       Abundanc            1.00000      = 20
# 120    8   apec       Redshift            0.0          = 21
# 121    8   apec       norm                5.00000E-06  = 22
# 122    9   apec       kT         keV      0.800000     = 23
# 123    9   apec       Abundanc            1.00000      = 24
# 124    9   apec       Redshift            0.0          = 25
# 125    9   apec       norm                0.0          = 26
# 126   10   powerlaw   PhoIndex            1.41000      = 27
# 127   10   powerlaw   norm                5.00000E-07  +/-  0.0          
# 128   11   apec       kT         keV      5.00000      = 29
# 129   11   apec       Abundanc            0.200000     = 30
# 130   11   apec       Redshift            0.225000     = 31
# 131   11   apec       norm                0.0          = 32
# 132   12   phabs      nH         10^22    1.62000E-02  = 33
#                           Data group: 5
# 133    1   gaussian   LineE      keV      1.49002      = 1
# 134    1   gaussian   Sigma      keV      0.0          = 2
# 135    1   gaussian   norm                0.0          = 3
# 136    2   gaussian   LineE      keV      1.74499      = 4
# 137    2   gaussian   Sigma      keV      0.0          = 5
# 138    2   gaussian   norm                0.0          = 6
# 139    3   constant   factor              1.00000      frozen
# 140    4   constant   factor              133.743      frozen
# 141    5   gaussian   LineE      keV      0.560000     = 9
# 142    5   gaussian   Sigma      keV      0.0          = 10
# 143    5   gaussian   norm                0.0          = 11
# 144    6   gaussian   LineE      keV      0.650000     = 12
# 145    6   gaussian   Sigma      keV      0.0          = 13
# 146    6   gaussian   norm                0.0          = 14
# 147    7   apec       kT         keV      8.00000E-02  = 15
# 148    7   apec       Abundanc            1.00000      = 16
# 149    7   apec       Redshift            0.0          = 17
# 150    7   apec       norm                8.16879E-07  = 18
# 151    8   apec       kT         keV      0.200000     = 19
# 152    8   apec       Abundanc            1.00000      = 20
# 153    8   apec       Redshift            0.0          = 21
# 154    8   apec       norm                5.00000E-06  = 22
# 155    9   apec       kT         keV      0.800000     = 23
# 156    9   apec       Abundanc            1.00000      = 24
# 157    9   apec       Redshift            0.0          = 25
# 158    9   apec       norm                0.0          = 26
# 159   10   powerlaw   PhoIndex            1.41000      = 27
# 160   10   powerlaw   norm                5.00000E-07  = 127
# 161   11   apec       kT         keV      5.00000      = 29
# 162   11   apec       Abundanc            0.200000     = 30
# 163   11   apec       Redshift            0.225000     = 31
# 164   11   apec       norm                0.0          = 32
# 165   12   phabs      nH         10^22    1.62000E-02  = 33
#                           Data group: 6
# 166    1   gaussian   LineE      keV      1.49002      = 1
# 167    1   gaussian   Sigma      keV      0.0          = 2
# 168    1   gaussian   norm                0.0          = 3
# 169    2   gaussian   LineE      keV      1.74499      = 4
# 170    2   gaussian   Sigma      keV      0.0          = 5
# 171    2   gaussian   norm                0.0          = 6
# 172    3   constant   factor              1.00000      frozen
# 173    4   constant   factor              106.003      frozen
# 174    5   gaussian   LineE      keV      0.560000     = 9
# 175    5   gaussian   Sigma      keV      0.0          = 10
# 176    5   gaussian   norm                0.0          = 11
# 177    6   gaussian   LineE      keV      0.650000     = 12
# 178    6   gaussian   Sigma      keV      0.0          = 13
# 179    6   gaussian   norm                0.0          = 14
# 180    7   apec       kT         keV      8.00000E-02  = 15
# 181    7   apec       Abundanc            1.00000      = 16
# 182    7   apec       Redshift            0.0          = 17
# 183    7   apec       norm                8.16879E-07  = 18
# 184    8   apec       kT         keV      0.200000     = 19
# 185    8   apec       Abundanc            1.00000      = 20
# 186    8   apec       Redshift            0.0          = 21
# 187    8   apec       norm                5.00000E-06  = 22
# 188    9   apec       kT         keV      0.800000     = 23
# 189    9   apec       Abundanc            1.00000      = 24
# 190    9   apec       Redshift            0.0          = 25
# 191    9   apec       norm                0.0          = 26
# 192   10   powerlaw   PhoIndex            1.41000      = 27
# 193   10   powerlaw   norm                5.00000E-07  = 127
# 194   11   apec       kT         keV      5.00000      = 29
# 195   11   apec       Abundanc            0.200000     = 30
# 196   11   apec       Redshift            0.225000     = 31
# 197   11   apec       norm                0.0          = 32
# 198   12   phabs      nH         10^22    1.62000E-02  = 33
#________________________________________________________________________
#
#
#Fit statistic : Chi-Squared =       38061.77 using 986 PHA bins.
#
#Test statistic : Chi-Squared =       38061.77 using 986 PHA bins.
# Reduced chi-squared =       38.79895 for    981 degrees of freedom 
# Null hypothesis probability =   0.000000e+00
# Current data and model not fit yet.
#
!XSPEC12>model 2:m1soft1 con*pow  ;  1.0          -0.01         -3         -2          9         10  ;  1.5           0.01         -3         -2          9         10  ;  1e-3          0.01          0          0      1e+24      1e+24;
#
#========================================================================
#Model m1soft1:constant<1>*powerlaw<2> Source No.: 2   Active/On
#Model Model Component  Parameter  Unit     Value
# par  comp
#                           Data group: 1
#   1    1   constant   factor              1.00000      frozen
#   2    2   powerlaw   PhoIndex            1.50000      +/-  0.0          
#   3    2   powerlaw   norm                1.00000E-03  +/-  0.0          
#________________________________________________________________________
#
#
#Fit statistic : Chi-Squared =       38162.02 using 986 PHA bins.
#
#Test statistic : Chi-Squared =       38162.02 using 986 PHA bins.
# Reduced chi-squared =       38.98061 for    979 degrees of freedom 
# Null hypothesis probability =   0.000000e+00
# Current data and model not fit yet.
#
!XSPEC12>model 3:m2soft1 con*pow  ;  1.30577      -0.01         -3         -2          9         10  ;  = m1soft1:2  ;  = m1soft1:3;
#
#========================================================================
#Model m2soft1:constant<1>*powerlaw<2> Source No.: 3   Active/On
#Model Model Component  Parameter  Unit     Value
# par  comp
#                           Data group: 2
#   1    1   constant   factor              1.30577      frozen
#   2    2   powerlaw   PhoIndex            1.50000      = m1soft1:2
#   3    2   powerlaw   norm                1.00000E-03  = m1soft1:3
#________________________________________________________________________
#
#
#Fit statistic : Chi-Squared =       38290.52 using 986 PHA bins.
#
#Test statistic : Chi-Squared =       38290.52 using 986 PHA bins.
# Reduced chi-squared =       39.11187 for    979 degrees of freedom 
# Null hypothesis probability =   0.000000e+00
# Current data and model not fit yet.
#
!XSPEC12>model 4:pnsoft1 con*pow  ;  1.34652      -0.01         -3         -2          9         10  ;  = m1soft1:2  ;  = m1soft1:3;
#
#========================================================================
#Model pnsoft1:constant<1>*powerlaw<2> Source No.: 4   Active/On
#Model Model Component  Parameter  Unit     Value
# par  comp
#                           Data group: 3
#   1    1   constant   factor              1.34652      frozen
#   2    2   powerlaw   PhoIndex            1.50000      = m1soft1:2
#   3    2   powerlaw   norm                1.00000E-03  = m1soft1:3
#________________________________________________________________________
#
#
#Fit statistic : Chi-Squared =       38386.15 using 986 PHA bins.
#
#Test statistic : Chi-Squared =       38386.15 using 986 PHA bins.
# Reduced chi-squared =       39.20955 for    979 degrees of freedom 
# Null hypothesis probability =   0.000000e+00
# Current data and model not fit yet.
#
!XSPEC12>model 5:m1soft2 con*pow  ;  0.49291      -0.01         -3         -2          9         10  ;  = m1soft1:2  ;  1e-3          0.01          0          0      1e+24      1e+24;
#
#========================================================================
#Model m1soft2:constant<1>*powerlaw<2> Source No.: 5   Active/On
#Model Model Component  Parameter  Unit     Value
# par  comp
#                           Data group: 4
#   1    1   constant   factor              0.492910     frozen
#   2    2   powerlaw   PhoIndex            1.50000      = m1soft1:2
#   3    2   powerlaw   norm                1.00000E-03  +/-  0.0          
#________________________________________________________________________
#
#
#Fit statistic : Chi-Squared =       38414.48 using 986 PHA bins.
#
#Test statistic : Chi-Squared =       38414.48 using 986 PHA bins.
# Reduced chi-squared =       39.27861 for    978 degrees of freedom 
# Null hypothesis probability =   0.000000e+00
# Current data and model not fit yet.
#
!XSPEC12>model 6:m2soft2 con*pow  ;  1.03709      -0.01         -3         -2          9         10  ;  = m1soft1:2  ;  = m1soft2:3;
#
#========================================================================
#Model m2soft2:constant<1>*powerlaw<2> Source No.: 6   Active/On
#Model Model Component  Parameter  Unit     Value
# par  comp
#                           Data group: 5
#   1    1   constant   factor              1.03709      frozen
#   2    2   powerlaw   PhoIndex            1.50000      = m1soft1:2
#   3    2   powerlaw   norm                1.00000E-03  = m1soft2:3
#________________________________________________________________________
#
#
#Fit statistic : Chi-Squared =       38465.67 using 986 PHA bins.
#
#Test statistic : Chi-Squared =       38465.67 using 986 PHA bins.
# Reduced chi-squared =       39.33095 for    978 degrees of freedom 
# Null hypothesis probability =   0.000000e+00
# Current data and model not fit yet.
#
!XSPEC12>model 7:pnsoft2 con*pow  ;  0.93936      -0.01         -3         -2          9         10  ;  = m1soft1:2  ;  = m1soft2:3;
#
#========================================================================
#Model pnsoft2:constant<1>*powerlaw<2> Source No.: 7   Active/On
#Model Model Component  Parameter  Unit     Value
# par  comp
#                           Data group: 6
#   1    1   constant   factor              0.939360     frozen
#   2    2   powerlaw   PhoIndex            1.50000      = m1soft1:2
#   3    2   powerlaw   norm                1.00000E-03  = m1soft2:3
#________________________________________________________________________
#
#
#Fit statistic : Chi-Squared =       38515.52 using 986 PHA bins.
#
#Test statistic : Chi-Squared =       38515.52 using 986 PHA bins.
# Reduced chi-squared =       39.38192 for    978 degrees of freedom 
# Null hypothesis probability =   0.000000e+00
# Current data and model not fit yet.
#
!XSPEC12>renorm;
#
#Fit statistic : Chi-Squared =        1895.53 using 986 PHA bins.
#
#Test statistic : Chi-Squared =        1895.53 using 986 PHA bins.
# Reduced chi-squared =        1.93817 for    978 degrees of freedom 
# Null hypothesis probability =   3.780887e-61
# Current data and model not fit yet.
#
!XSPEC12>fit 1000 1e-2;
#                                   Parameters
#Chi-Squared  |beta|/N    Lvl       18:norm         19:kT       22:norm       28:norm      127:norm m1soft1:2:Pho m1soft1:3:nor m1soft2:3:nor
#1871.93      9.22971e+07   1   1.25658e-07      0.200080   9.13228e-07   1.87462e-07   9.51261e-08      0.846805   0.000264068   0.000268331
#1845.65      9.0762e+07    1   1.01987e-07      0.200155   9.12234e-07   1.91981e-07   9.87471e-08      0.585228   0.000358095   0.000361809
#1583.56      8.9038e+07    0   4.47368e-08      0.200575   9.01141e-07   2.30104e-07   1.29267e-07     -0.432374    0.00100221   0.000986891
#1352.19      6.75102e+07   0   7.53289e-09      0.199222   8.19194e-07   4.21867e-07   2.89474e-07     -0.379900    0.00116971    0.00110524
#1138.09      4.47885e+07  -1   2.78783e-09      0.187935   6.09832e-07   7.51988e-07   5.97294e-07   -0.00637951    0.00140295    0.00122642
#1096.37      1.97244e+07  -2   2.87777e-06      0.204676   2.44461e-07   7.10065e-07   5.83567e-07       1.48034    0.00454897    0.00387416
#1072.78      1.262e+07    -1   2.54525e-06      0.212664   2.11425e-07   7.15840e-07   5.36918e-07      0.936711    0.00629598    0.00762971
#1068.29      4.61744e+06  -2   3.82993e-06      0.255286   1.04208e-07   6.76947e-07   4.98853e-07       1.13614    0.00708190    0.00829101
#1062.97      1.50904e+07  -3   4.14519e-06      0.302401   1.37571e-07   6.57805e-07   4.58986e-07       1.08840    0.00686676    0.00865546
#1062.42      841128       -4   3.91214e-06      0.276452   1.49151e-07   6.58327e-07   4.64252e-07       1.09857    0.00692410    0.00857118
#1062.41      355413       -5   3.91495e-06      0.278564   1.49382e-07   6.58466e-07   4.63329e-07       1.09680    0.00690972    0.00858607
#1062.41      637.885      -6   3.91433e-06      0.278539   1.49336e-07   6.58453e-07   4.63501e-07       1.09717    0.00691229    0.00858347
#==========================================================================================
# Variances and Principal Axes
#                18       19       22       28      127m1soft1:2m1soft1:3m1soft2:3  
# 2.5793E-16| -0.0194  -0.0000  -0.8911  -0.4143  -0.1841  -0.0000  -0.0000  -0.0000  
# 9.5879E-16|  0.0060  -0.0000   0.2423  -0.7787   0.5787   0.0000  -0.0000   0.0000  
# 2.1480E-15| -0.0109   0.0000  -0.3829   0.4712   0.7945  -0.0000   0.0000   0.0000  
# 2.0990E-13|  0.9997  -0.0000  -0.0230   0.0018   0.0016   0.0000   0.0001   0.0000  
# 1.1501E-06| -0.0001  -0.0025   0.0000  -0.0000   0.0000  -0.0019   1.0000  -0.0078  
# 2.6693E-06|  0.0000   0.0033  -0.0000   0.0000   0.0000   0.0028  -0.0078  -1.0000  
# 9.6653E-04| -0.0000  -0.9981   0.0000   0.0000   0.0000  -0.0617  -0.0027  -0.0034  
# 1.2358E-02| -0.0000  -0.0617  -0.0000   0.0000   0.0000   0.9981   0.0018   0.0026  
#------------------------------------------------------------------------------------------
#
#================================================================================================
#  Covariance Matrix
#        1           2           3           4           5           6           7           8   
#   4.077e-13   1.373e-08  -8.924e-15  -5.116e-15  -6.318e-15  -1.869e-08  -6.472e-11  -4.911e-11
#   1.373e-08   1.010e-03  -4.008e-10  -4.882e-10  -4.960e-10  -7.018e-04   1.193e-06   1.274e-06
#  -8.924e-15  -4.008e-10   1.126e-15  -5.749e-16  -5.568e-16  -1.537e-09  -2.928e-12  -4.589e-12
#  -5.116e-15  -4.882e-10  -5.749e-16   3.217e-15   8.518e-16   1.937e-09  -4.118e-11   3.279e-12
#  -6.318e-15  -4.960e-10  -5.568e-16   8.518e-16   4.905e-15   1.880e-09   2.228e-12  -8.237e-11
#  -1.869e-08  -7.018e-04  -1.537e-09   1.937e-09   1.880e-09   1.231e-02   2.225e-05   3.251e-05
#  -6.472e-11   1.193e-06  -2.928e-12  -4.118e-11   2.228e-12   2.225e-05   1.197e-06   7.858e-08
#  -4.911e-11   1.274e-06  -4.589e-12   3.279e-12  -8.237e-11   3.251e-05   7.858e-08   2.765e-06
#------------------------------------------------------------------------------------------------
#
#========================================================================
#Model gaussian<1> + gaussian<2> + constant<3>*constant<4>(gaussian<5> + gaussian<6> + apec<7> + (apec<8> + apec<9> + powerlaw<10> + apec<11>)phabs<12>) Source No.: 1   Active/On
#Model Model Component  Parameter  Unit     Value
# par  comp
#                           Data group: 1
#   1    1   gaussian   LineE      keV      1.49002      frozen
#   2    1   gaussian   Sigma      keV      0.0          frozen
#   3    1   gaussian   norm                0.0          frozen
#   4    2   gaussian   LineE      keV      1.74499      frozen
#   5    2   gaussian   Sigma      keV      0.0          frozen
#   6    2   gaussian   norm                0.0          frozen
#   7    3   constant   factor              1.00000      frozen
#   8    4   constant   factor              120.979      frozen
#   9    5   gaussian   LineE      keV      0.560000     frozen
#  10    5   gaussian   Sigma      keV      0.0          frozen
#  11    5   gaussian   norm                0.0          frozen
#  12    6   gaussian   LineE      keV      0.650000     frozen
#  13    6   gaussian   Sigma      keV      0.0          frozen
#  14    6   gaussian   norm                0.0          frozen
#  15    7   apec       kT         keV      8.00000E-02  frozen
#  16    7   apec       Abundanc            1.00000      frozen
#  17    7   apec       Redshift            0.0          frozen
#  18    7   apec       norm                3.91433E-06  +/-  6.38479E-07  
#  19    8   apec       kT         keV      0.278539     +/-  3.17799E-02  
#  20    8   apec       Abundanc            1.00000      frozen
#  21    8   apec       Redshift            0.0          frozen
#  22    8   apec       norm                1.49336E-07  +/-  3.35572E-08  
#  23    9   apec       kT         keV      0.800000     frozen
#  24    9   apec       Abundanc            1.00000      frozen
#  25    9   apec       Redshift            0.0          frozen
#  26    9   apec       norm                0.0          frozen
#  27   10   powerlaw   PhoIndex            1.41000      frozen
#  28   10   powerlaw   norm                6.58453E-07  +/-  5.67164E-08  
#  29   11   apec       kT         keV      5.00000      frozen
#  30   11   apec       Abundanc            0.200000     frozen
#  31   11   apec       Redshift            0.225000     frozen
#  32   11   apec       norm                0.0          frozen
#  33   12   phabs      nH         10^22    1.62000E-02  frozen
#                           Data group: 2
#  34    1   gaussian   LineE      keV      1.49002      = 1
#  35    1   gaussian   Sigma      keV      0.0          = 2
#  36    1   gaussian   norm                0.0          = 3
#  37    2   gaussian   LineE      keV      1.74499      = 4
#  38    2   gaussian   Sigma      keV      0.0          = 5
#  39    2   gaussian   norm                0.0          = 6
#  40    3   constant   factor              1.00000      frozen
#  41    4   constant   factor              164.686      frozen
#  42    5   gaussian   LineE      keV      0.560000     = 9
#  43    5   gaussian   Sigma      keV      0.0          = 10
#  44    5   gaussian   norm                0.0          = 11
#  45    6   gaussian   LineE      keV      0.650000     = 12
#  46    6   gaussian   Sigma      keV      0.0          = 13
#  47    6   gaussian   norm                0.0          = 14
#  48    7   apec       kT         keV      8.00000E-02  = 15
#  49    7   apec       Abundanc            1.00000      = 16
#  50    7   apec       Redshift            0.0          = 17
#  51    7   apec       norm                3.91433E-06  = 18
#  52    8   apec       kT         keV      0.278539     = 19
#  53    8   apec       Abundanc            1.00000      = 20
#  54    8   apec       Redshift            0.0          = 21
#  55    8   apec       norm                1.49336E-07  = 22
#  56    9   apec       kT         keV      0.800000     = 23
#  57    9   apec       Abundanc            1.00000      = 24
#  58    9   apec       Redshift            0.0          = 25
#  59    9   apec       norm                0.0          = 26
#  60   10   powerlaw   PhoIndex            1.41000      = 27
#  61   10   powerlaw   norm                6.58453E-07  = 28
#  62   11   apec       kT         keV      5.00000      = 29
#  63   11   apec       Abundanc            0.200000     = 30
#  64   11   apec       Redshift            0.225000     = 31
#  65   11   apec       norm                0.0          = 32
#  66   12   phabs      nH         10^22    1.62000E-02  = 33
#                           Data group: 3
#  67    1   gaussian   LineE      keV      1.49002      = 1
#  68    1   gaussian   Sigma      keV      0.0          = 2
#  69    1   gaussian   norm                0.0          = 3
#  70    2   gaussian   LineE      keV      1.74499      = 4
#  71    2   gaussian   Sigma      keV      0.0          = 5
#  72    2   gaussian   norm                0.0          = 6
#  73    3   constant   factor              1.00000      frozen
#  74    4   constant   factor              156.228      frozen
#  75    5   gaussian   LineE      keV      0.560000     = 9
#  76    5   gaussian   Sigma      keV      0.0          = 10
#  77    5   gaussian   norm                0.0          = 11
#  78    6   gaussian   LineE      keV      0.650000     = 12
#  79    6   gaussian   Sigma      keV      0.0          = 13
#  80    6   gaussian   norm                0.0          = 14
#  81    7   apec       kT         keV      8.00000E-02  = 15
#  82    7   apec       Abundanc            1.00000      = 16
#  83    7   apec       Redshift            0.0          = 17
#  84    7   apec       norm                3.91433E-06  = 18
#  85    8   apec       kT         keV      0.278539     = 19
#  86    8   apec       Abundanc            1.00000      = 20
#  87    8   apec       Redshift            0.0          = 21
#  88    8   apec       norm                1.49336E-07  = 22
#  89    9   apec       kT         keV      0.800000     = 23
#  90    9   apec       Abundanc            1.00000      = 24
#  91    9   apec       Redshift            0.0          = 25
#  92    9   apec       norm                0.0          = 26
#  93   10   powerlaw   PhoIndex            1.41000      = 27
#  94   10   powerlaw   norm                6.58453E-07  = 28
#  95   11   apec       kT         keV      5.00000      = 29
#  96   11   apec       Abundanc            0.200000     = 30
#  97   11   apec       Redshift            0.225000     = 31
#  98   11   apec       norm                0.0          = 32
#  99   12   phabs      nH         10^22    1.62000E-02  = 33
#                           Data group: 4
# 100    1   gaussian   LineE      keV      1.49002      = 1
# 101    1   gaussian   Sigma      keV      0.0          = 2
# 102    1   gaussian   norm                0.0          = 3
# 103    2   gaussian   LineE      keV      1.74499      = 4
# 104    2   gaussian   Sigma      keV      0.0          = 5
# 105    2   gaussian   norm                0.0          = 6
# 106    3   constant   factor              1.00000      frozen
# 107    4   constant   factor              57.1100      frozen
# 108    5   gaussian   LineE      keV      0.560000     = 9
# 109    5   gaussian   Sigma      keV      0.0          = 10
# 110    5   gaussian   norm                0.0          = 11
# 111    6   gaussian   LineE      keV      0.650000     = 12
# 112    6   gaussian   Sigma      keV      0.0          = 13
# 113    6   gaussian   norm                0.0          = 14
# 114    7   apec       kT         keV      8.00000E-02  = 15
# 115    7   apec       Abundanc            1.00000      = 16
# 116    7   apec       Redshift            0.0          = 17
# 117    7   apec       norm                3.91433E-06  = 18
# 118    8   apec       kT         keV      0.278539     = 19
# 119    8   apec       Abundanc            1.00000      = 20
# 120    8   apec       Redshift            0.0          = 21
# 121    8   apec       norm                1.49336E-07  = 22
# 122    9   apec       kT         keV      0.800000     = 23
# 123    9   apec       Abundanc            1.00000      = 24
# 124    9   apec       Redshift            0.0          = 25
# 125    9   apec       norm                0.0          = 26
# 126   10   powerlaw   PhoIndex            1.41000      = 27
# 127   10   powerlaw   norm                4.63501E-07  +/-  7.00391E-08  
# 128   11   apec       kT         keV      5.00000      = 29
# 129   11   apec       Abundanc            0.200000     = 30
# 130   11   apec       Redshift            0.225000     = 31
# 131   11   apec       norm                0.0          = 32
# 132   12   phabs      nH         10^22    1.62000E-02  = 33
#                           Data group: 5
# 133    1   gaussian   LineE      keV      1.49002      = 1
# 134    1   gaussian   Sigma      keV      0.0          = 2
# 135    1   gaussian   norm                0.0          = 3
# 136    2   gaussian   LineE      keV      1.74499      = 4
# 137    2   gaussian   Sigma      keV      0.0          = 5
# 138    2   gaussian   norm                0.0          = 6
# 139    3   constant   factor              1.00000      frozen
# 140    4   constant   factor              133.743      frozen
# 141    5   gaussian   LineE      keV      0.560000     = 9
# 142    5   gaussian   Sigma      keV      0.0          = 10
# 143    5   gaussian   norm                0.0          = 11
# 144    6   gaussian   LineE      keV      0.650000     = 12
# 145    6   gaussian   Sigma      keV      0.0          = 13
# 146    6   gaussian   norm                0.0          = 14
# 147    7   apec       kT         keV      8.00000E-02  = 15
# 148    7   apec       Abundanc            1.00000      = 16
# 149    7   apec       Redshift            0.0          = 17
# 150    7   apec       norm                3.91433E-06  = 18
# 151    8   apec       kT         keV      0.278539     = 19
# 152    8   apec       Abundanc            1.00000      = 20
# 153    8   apec       Redshift            0.0          = 21
# 154    8   apec       norm                1.49336E-07  = 22
# 155    9   apec       kT         keV      0.800000     = 23
# 156    9   apec       Abundanc            1.00000      = 24
# 157    9   apec       Redshift            0.0          = 25
# 158    9   apec       norm                0.0          = 26
# 159   10   powerlaw   PhoIndex            1.41000      = 27
# 160   10   powerlaw   norm                4.63501E-07  = 127
# 161   11   apec       kT         keV      5.00000      = 29
# 162   11   apec       Abundanc            0.200000     = 30
# 163   11   apec       Redshift            0.225000     = 31
# 164   11   apec       norm                0.0          = 32
# 165   12   phabs      nH         10^22    1.62000E-02  = 33
#                           Data group: 6
# 166    1   gaussian   LineE      keV      1.49002      = 1
# 167    1   gaussian   Sigma      keV      0.0          = 2
# 168    1   gaussian   norm                0.0          = 3
# 169    2   gaussian   LineE      keV      1.74499      = 4
# 170    2   gaussian   Sigma      keV      0.0          = 5
# 171    2   gaussian   norm                0.0          = 6
# 172    3   constant   factor              1.00000      frozen
# 173    4   constant   factor              106.003      frozen
# 174    5   gaussian   LineE      keV      0.560000     = 9
# 175    5   gaussian   Sigma      keV      0.0          = 10
# 176    5   gaussian   norm                0.0          = 11
# 177    6   gaussian   LineE      keV      0.650000     = 12
# 178    6   gaussian   Sigma      keV      0.0          = 13
# 179    6   gaussian   norm                0.0          = 14
# 180    7   apec       kT         keV      8.00000E-02  = 15
# 181    7   apec       Abundanc            1.00000      = 16
# 182    7   apec       Redshift            0.0          = 17
# 183    7   apec       norm                3.91433E-06  = 18
# 184    8   apec       kT         keV      0.278539     = 19
# 185    8   apec       Abundanc            1.00000      = 20
# 186    8   apec       Redshift            0.0          = 21
# 187    8   apec       norm                1.49336E-07  = 22
# 188    9   apec       kT         keV      0.800000     = 23
# 189    9   apec       Abundanc            1.00000      = 24
# 190    9   apec       Redshift            0.0          = 25
# 191    9   apec       norm                0.0          = 26
# 192   10   powerlaw   PhoIndex            1.41000      = 27
# 193   10   powerlaw   norm                4.63501E-07  = 127
# 194   11   apec       kT         keV      5.00000      = 29
# 195   11   apec       Abundanc            0.200000     = 30
# 196   11   apec       Redshift            0.225000     = 31
# 197   11   apec       norm                0.0          = 32
# 198   12   phabs      nH         10^22    1.62000E-02  = 33
#________________________________________________________________________
#
#
#========================================================================
#Model m1soft1:constant<1>*powerlaw<2> Source No.: 2   Active/On
#Model Model Component  Parameter  Unit     Value
# par  comp
#                           Data group: 1
#   1    1   constant   factor              1.00000      frozen
#   2    2   powerlaw   PhoIndex            1.09717      +/-  0.110969     
#   3    2   powerlaw   norm                6.91229E-03  +/-  1.09393E-03  
#________________________________________________________________________
#
#
#========================================================================
#Model m1soft2:constant<1>*powerlaw<2> Source No.: 5   Active/On
#Model Model Component  Parameter  Unit     Value
# par  comp
#                           Data group: 4
#   1    1   constant   factor              0.492910     frozen
#   2    2   powerlaw   PhoIndex            1.09717      = m1soft1:2
#   3    2   powerlaw   norm                8.58347E-03  +/-  1.66288E-03  
#________________________________________________________________________
#
#
#========================================================================
#Model m2soft1:constant<1>*powerlaw<2> Source No.: 3   Active/On
#Model Model Component  Parameter  Unit     Value
# par  comp
#                           Data group: 2
#   1    1   constant   factor              1.30577      frozen
#   2    2   powerlaw   PhoIndex            1.09717      = m1soft1:2
#   3    2   powerlaw   norm                6.91229E-03  = m1soft1:3
#________________________________________________________________________
#
#
#========================================================================
#Model m2soft2:constant<1>*powerlaw<2> Source No.: 6   Active/On
#Model Model Component  Parameter  Unit     Value
# par  comp
#                           Data group: 5
#   1    1   constant   factor              1.03709      frozen
#   2    2   powerlaw   PhoIndex            1.09717      = m1soft1:2
#   3    2   powerlaw   norm                8.58347E-03  = m1soft2:3
#________________________________________________________________________
#
#
#========================================================================
#Model pnsoft1:constant<1>*powerlaw<2> Source No.: 4   Active/On
#Model Model Component  Parameter  Unit     Value
# par  comp
#                           Data group: 3
#   1    1   constant   factor              1.34652      frozen
#   2    2   powerlaw   PhoIndex            1.09717      = m1soft1:2
#   3    2   powerlaw   norm                6.91229E-03  = m1soft1:3
#________________________________________________________________________
#
#
#========================================================================
#Model pnsoft2:constant<1>*powerlaw<2> Source No.: 7   Active/On
#Model Model Component  Parameter  Unit     Value
# par  comp
#                           Data group: 6
#   1    1   constant   factor              0.939360     frozen
#   2    2   powerlaw   PhoIndex            1.09717      = m1soft1:2
#   3    2   powerlaw   norm                8.58347E-03  = m1soft2:3
#________________________________________________________________________
#
#
#Fit statistic : Chi-Squared =        1062.41 using 986 PHA bins.
#
#Test statistic : Chi-Squared =        1062.41 using 986 PHA bins.
# Reduced chi-squared =        1.08631 for    978 degrees of freedom 
# Null hypothesis probability =   3.065363e-02
#
!XSPEC12>error 2.706 18,19,22,28,127;
# Parameter   Confidence Range (2.706)
#    18  2.27924e-06  4.96212e-06    (-1.6352e-06,1.04767e-06)
#    19     0.218261     0.344182    (-0.0602822,0.0656386)
#    22  9.39764e-08  2.33395e-07    (-5.53682e-08,8.40503e-08)
#    28  5.63262e-07   7.5357e-07    (-9.51956e-08,9.51129e-08)
#   127   3.5051e-07  5.75714e-07    (-1.12957e-07,1.12247e-07)
#
!XSPEC12>error 2.706 m1soft1:2;
# Parameter   Confidence Range (2.706)
#     2     0.919786      1.29464    (-0.17733,0.197523)
#
!XSPEC12>error 2.706 m1soft1:3;
# Parameter   Confidence Range (2.706)
#     3   0.00514159   0.00868988    (-0.00177025,0.00177804)
#
!XSPEC12>error 2.706 m1soft2:3;
# Parameter   Confidence Range (2.706)
#     3   0.00577793    0.0114076    (-0.00280602,0.00282362)
#
!XSPEC12>sho fre;
#
!XSPEC12>show fre
#
#Free parameters defined:
#========================================================================
#Model gaussian<1> + gaussian<2> + constant<3>*constant<4>(gaussian<5> + gaussian<6> + apec<7> + (apec<8> + apec<9> + powerlaw<10> + apec<11>)phabs<12>) Source No.: 1   Active/On
#Model Model Component  Parameter  Unit     Value
# par  comp
#                           Data group: 1
#  18    7   apec       norm                3.91442E-06  +/-  6.38479E-07  
#  19    8   apec       kT         keV      0.278542     +/-  3.17799E-02  
#  22    8   apec       norm                1.49343E-07  +/-  3.35572E-08  
#  28   10   powerlaw   norm                6.58457E-07  +/-  5.67164E-08  
#                           Data group: 2
#                           Data group: 3
#                           Data group: 4
# 127   10   powerlaw   norm                4.63472E-07  +/-  7.00391E-08  
#                           Data group: 5
#                           Data group: 6
#________________________________________________________________________
#
#========================================================================
#Model m1soft1:constant<1>*powerlaw<2> Source No.: 2   Active/On
#Model Model Component  Parameter  Unit     Value
# par  comp
#                           Data group: 1
#   2    2   powerlaw   PhoIndex            1.09711      +/-  0.110969     
#   3    2   powerlaw   norm                6.91185E-03  +/-  1.09393E-03  
#________________________________________________________________________
#
#========================================================================
#Model m1soft2:constant<1>*powerlaw<2> Source No.: 5   Active/On
#Model Model Component  Parameter  Unit     Value
# par  comp
#                           Data group: 4
#   3    2   powerlaw   norm                8.58395E-03  +/-  1.66288E-03  
#________________________________________________________________________
#
#========================================================================
#Model m2soft1:constant<1>*powerlaw<2> Source No.: 3   Active/On
#Model Model Component  Parameter  Unit     Value
# par  comp
#                           Data group: 2
#________________________________________________________________________
#
#========================================================================
#Model m2soft2:constant<1>*powerlaw<2> Source No.: 6   Active/On
#Model Model Component  Parameter  Unit     Value
# par  comp
#                           Data group: 5
#________________________________________________________________________
#
#========================================================================
#Model pnsoft1:constant<1>*powerlaw<2> Source No.: 4   Active/On
#Model Model Component  Parameter  Unit     Value
# par  comp
#                           Data group: 3
#________________________________________________________________________
#
#========================================================================
#Model pnsoft2:constant<1>*powerlaw<2> Source No.: 7   Active/On
#Model Model Component  Parameter  Unit     Value
# par  comp
#                           Data group: 6
#________________________________________________________________________
#
#
# XSPEC: quit
#