#XSPEC version: 12.8.2
#Build Date/Time: Sun Sep 14 13:22:52 2014
#
!XSPEC12>statistic chi;
#Default fit statistic is set to: Chi-Squared
#   This will apply to all current and newly loaded spectra.
#
!XSPEC12>abund lodd;
# Solar Abundance Vector set to lodd:  Lodders, K. ApJ 591, 1220 (2003)
#
!XSPEC12>method leven 100 0.01;
#
!XSPEC12>xsect vern;
# Cross Section Table set to vern:  Verner, Ferland, Korista, and Yakovlev 1996
#
!XSPEC12>cosmo 70 0 0.7;
#
!XSPEC12>query yes;
#
!XSPEC12>data 1:1 ../0502020201/analysis/mos1S001-obj-fil-grp30.pi;
#***Warning: Detected response matrix energy bin value = 0 (or neg).
#     XSPEC will instead use small finite value (response file will not be altered).
#
#1 spectrum  in use
# 
#Spectral Data File: ../0502020201/analysis/mos1S001-obj-fil-grp30.pi  Spectrum 1
#Net count rate (cts/s) for Spectrum:1  4.195e-02 +/- 1.461e-03 (56.2 % total)
# Assigned to Data Group 1 and Plot Group 1
#  Noticed Channels:  1-170
#  Telescope: XMM Instrument: EMOS1  Channel Type: PI
#  Exposure Time: 3.503e+04 sec
# Using fit statistic: chi
# Using test statistic: chi
# Using Background File                ../0502020201/analysis/mos1S001-back-fil.pi
#  Background Exposure Time: 3.503e+04 sec
# Using Response (RMF) File            ../0502020201/analysis/mos1S001-fil.rmf for Source 1
# Using Auxiliary Response (ARF) File  ../0502020201/analysis/mos1S001-fil.arf
#
#
!XSPEC12>data 2:2 ../0502020201/analysis/mos2S002-obj-fil-grp30.pi;
#***Warning: Detected response matrix energy bin value = 0 (or neg).
#     XSPEC will instead use small finite value (response file will not be altered).
#
#2 spectra  in use
# 
#Spectral Data File: ../0502020201/analysis/mos2S002-obj-fil-grp30.pi  Spectrum 2
#Net count rate (cts/s) for Spectrum:2  4.084e-02 +/- 1.469e-03 (51.9 % total)
# Assigned to Data Group 2 and Plot Group 2
#  Noticed Channels:  1-92
#  Telescope: XMM Instrument: EMOS2  Channel Type: PI
#  Exposure Time: 3.653e+04 sec
# Using fit statistic: chi
# Using test statistic: chi
# Using Background File                ../0502020201/analysis/mos2S002-back-fil.pi
#  Background Exposure Time: 3.653e+04 sec
# Using Response (RMF) File            ../0502020201/analysis/mos2S002-fil.rmf for Source 1
# Using Auxiliary Response (ARF) File  ../0502020201/analysis/mos2S002-fil.arf
#
#
!XSPEC12>data 3:3 ../0502020101/analysis/mos1S001-obj-fil-grp30.pi;
#***Warning: Detected response matrix energy bin value = 0 (or neg).
#     XSPEC will instead use small finite value (response file will not be altered).
#
#3 spectra  in use
# 
#Spectral Data File: ../0502020101/analysis/mos1S001-obj-fil-grp30.pi  Spectrum 3
#Net count rate (cts/s) for Spectrum:3  4.612e-02 +/- 1.862e-03 (64.9 % total)
# Assigned to Data Group 3 and Plot Group 3
#  Noticed Channels:  1-87
#  Telescope: XMM Instrument: EMOS1  Channel Type: PI
#  Exposure Time: 2.05e+04 sec
# Using fit statistic: chi
# Using test statistic: chi
# Using Background File                ../0502020101/analysis/mos1S001-back-fil.pi
#  Background Exposure Time: 2.05e+04 sec
# Using Response (RMF) File            ../0502020101/analysis/mos1S001-fil.rmf for Source 1
# Using Auxiliary Response (ARF) File  ../0502020101/analysis/mos1S001-fil.arf
#
#
!XSPEC12>data 4:4 ../0502020101/analysis/mos2S002-obj-fil-grp30.pi;
#***Warning: Detected response matrix energy bin value = 0 (or neg).
#     XSPEC will instead use small finite value (response file will not be altered).
#
#4 spectra  in use
# 
#Spectral Data File: ../0502020101/analysis/mos2S002-obj-fil-grp30.pi  Spectrum 4
#Net count rate (cts/s) for Spectrum:4  3.768e-02 +/- 1.761e-03 (54.8 % total)
# Assigned to Data Group 4 and Plot Group 4
#  Noticed Channels:  1-55
#  Telescope: XMM Instrument: EMOS2  Channel Type: PI
#  Exposure Time: 2.218e+04 sec
# Using fit statistic: chi
# Using test statistic: chi
# Using Background File                ../0502020101/analysis/mos2S002-back-fil.pi
#  Background Exposure Time: 2.218e+04 sec
# Using Response (RMF) File            ../0502020101/analysis/mos2S002-fil.rmf for Source 1
# Using Auxiliary Response (ARF) File  ../0502020101/analysis/mos2S002-fil.arf
#
#
!XSPEC12>resp 2:1 mos1-diag.rsp.gz;
#
!XSPEC12>response 2:1 mos1-diag.rsp.gz
#***Warning: Detected response matrix energy bin value = 0 (or neg).
#     XSPEC will instead use small finite value (response file will not be altered).
#Response successfully loaded.
#
!XSPEC12>resp 3:2 mos2-diag.rsp.gz;
#
!XSPEC12>response 3:2 mos2-diag.rsp.gz
#***Warning: Detected response matrix energy bin value = 0 (or neg).
#     XSPEC will instead use small finite value (response file will not be altered).
#Response successfully loaded.
#
!XSPEC12>resp 4:3 mos1-diag.rsp.gz;
#
!XSPEC12>response 4:3 mos1-diag.rsp.gz
#***Warning: Detected response matrix energy bin value = 0 (or neg).
#     XSPEC will instead use small finite value (response file will not be altered).
#Response successfully loaded.
#
!XSPEC12>resp 5:4 mos2-diag.rsp.gz;
#
!XSPEC12>response 5:4 mos2-diag.rsp.gz
#***Warning: Detected response matrix energy bin value = 0 (or neg).
#     XSPEC will instead use small finite value (response file will not be altered).
#Response successfully loaded.
#
!XSPEC12>ig 1-4:**-0.5,7.0-**;
#
!XSPEC12>ignore 1-4:**-0.5,7.0-**
#    14 channels (1-14) ignored in spectrum #     1
#    13 channels (1-13) ignored in spectrum #     2
#     9 channels (1-9) ignored in spectrum #     3
#     9 channels (1-9) ignored in spectrum #     4
#   103 channels (68-170) ignored in spectrum #     1
#    17 channels (76-92) ignored in spectrum #     2
#    48 channels (40-87) ignored in spectrum #     3
#    15 channels (41-55) ignored in spectrum #     4
#
#
!XSPEC12>ig 1-4:1.2-1.9;
#
!XSPEC12>ignore 1-4:1.2-1.9
#    18 channels (26-43) ignored in spectrum #     1
#    22 channels (26-47) ignored in spectrum #     2
#    12 channels (16-27) ignored in spectrum #     3
#    11 channels (16-26) ignored in spectrum #     4
#
#
!XSPEC12>ig bad;
#
!XSPEC12>ignore bad
#
#ignore:    40 channels ignored from  source number 3
#ignore:     6 channels ignored from  source number 4
#ignore:    88 channels ignored from  source number 1
#ignore:     1 channels ignored from  source number 2
#
!XSPEC12>model const*const*(apec+(apec+pow+apec)*phabs)  ;  1                  -0.01          0          0          2          2  ;  18.192             -0.01          0          0      1e+10      1e+10  ;  0.132351          -0.001      0.008      0.008         64         64  ;  1.0                -0.01          0          0          5          5  ;  0.0                -0.01          0          0          2          2  ;  8.16879E-07       -0.001          0          0      1e+24      1e+24  ;  0.259118           -0.01      0.008      0.008         64         64  ;  1.0                -0.01          0          0          5          5  ;  0.0                -0.01          0          0          2          2  ;  4.35584E-07        -0.01          0          0      1e+24      1e+24  ;  1.41               -0.01         -3         -2          9         10  ;  8.87690E-07        -0.01          0          0      1e+24      1e+24  ;  1.0                 0.01      0.008      0.008         64         64  ;  0.2                -0.01          0          0          5          5  ;  0.21               -0.01          0          0          2          2  ;  2e-6                0.01          0          0      1e+24      1e+24  ;  0.0162            -0.001          0        0.0      1.000      1.000  ;  =1  ;  18.280             -0.01          0          0      1e+10      1e+10  ;  =3  ;  =4  ;  =5  ;  =6  ;  =7  ;  =8  ;  =9  ;  =10  ;  =11  ;  =12  ;  =13  ;  =14  ;  =15  ;  =16  ;  =17  ;  =1  ;  16.907             -0.01          0          0      1e+10      1e+10  ;  =3  ;  =4  ;  =5  ;  =6  ;  =7  ;  =8  ;  =9  ;  =10  ;  =11  ;  =12  ;  =13  ;  =14  ;  =15  ;  =16  ;  =17  ;  =1  ;  16.829             -0.01          0          0      1e+10      1e+10  ;  =3  ;  =4  ;  =5  ;  =6  ;  =7  ;  =8  ;  =9  ;  =10  ;  =11  ;  =12  ;  =13  ;  =14  ;  =15  ;  =16  ;  =17;
#
#========================================================================
#Model constant<1>*constant<2>(apec<3> + (apec<4> + powerlaw<5> + apec<6>)phabs<7>) Source No.: 1   Active/On
#Model Model Component  Parameter  Unit     Value
# par  comp
#                           Data group: 1
#   1    1   constant   factor              1.00000      frozen
#   2    2   constant   factor              18.1920      frozen
#   3    3   apec       kT         keV      0.132351     frozen
#   4    3   apec       Abundanc            1.00000      frozen
#   5    3   apec       Redshift            0.0          frozen
#   6    3   apec       norm                8.16879E-07  frozen
#   7    4   apec       kT         keV      0.259118     frozen
#   8    4   apec       Abundanc            1.00000      frozen
#   9    4   apec       Redshift            0.0          frozen
#  10    4   apec       norm                4.35584E-07  frozen
#  11    5   powerlaw   PhoIndex            1.41000      frozen
#  12    5   powerlaw   norm                8.87690E-07  frozen
#  13    6   apec       kT         keV      1.00000      +/-  0.0          
#  14    6   apec       Abundanc            0.200000     frozen
#  15    6   apec       Redshift            0.210000     frozen
#  16    6   apec       norm                2.00000E-06  +/-  0.0          
#  17    7   phabs      nH         10^22    1.62000E-02  frozen
#                           Data group: 2
#  18    1   constant   factor              1.00000      = 1
#  19    2   constant   factor              18.2800      frozen
#  20    3   apec       kT         keV      0.132351     = 3
#  21    3   apec       Abundanc            1.00000      = 4
#  22    3   apec       Redshift            0.0          = 5
#  23    3   apec       norm                8.16879E-07  = 6
#  24    4   apec       kT         keV      0.259118     = 7
#  25    4   apec       Abundanc            1.00000      = 8
#  26    4   apec       Redshift            0.0          = 9
#  27    4   apec       norm                4.35584E-07  = 10
#  28    5   powerlaw   PhoIndex            1.41000      = 11
#  29    5   powerlaw   norm                8.87690E-07  = 12
#  30    6   apec       kT         keV      1.00000      = 13
#  31    6   apec       Abundanc            0.200000     = 14
#  32    6   apec       Redshift            0.210000     = 15
#  33    6   apec       norm                2.00000E-06  = 16
#  34    7   phabs      nH         10^22    1.62000E-02  = 17
#                           Data group: 3
#  35    1   constant   factor              1.00000      = 1
#  36    2   constant   factor              16.9070      frozen
#  37    3   apec       kT         keV      0.132351     = 3
#  38    3   apec       Abundanc            1.00000      = 4
#  39    3   apec       Redshift            0.0          = 5
#  40    3   apec       norm                8.16879E-07  = 6
#  41    4   apec       kT         keV      0.259118     = 7
#  42    4   apec       Abundanc            1.00000      = 8
#  43    4   apec       Redshift            0.0          = 9
#  44    4   apec       norm                4.35584E-07  = 10
#  45    5   powerlaw   PhoIndex            1.41000      = 11
#  46    5   powerlaw   norm                8.87690E-07  = 12
#  47    6   apec       kT         keV      1.00000      = 13
#  48    6   apec       Abundanc            0.200000     = 14
#  49    6   apec       Redshift            0.210000     = 15
#  50    6   apec       norm                2.00000E-06  = 16
#  51    7   phabs      nH         10^22    1.62000E-02  = 17
#                           Data group: 4
#  52    1   constant   factor              1.00000      = 1
#  53    2   constant   factor              16.8290      frozen
#  54    3   apec       kT         keV      0.132351     = 3
#  55    3   apec       Abundanc            1.00000      = 4
#  56    3   apec       Redshift            0.0          = 5
#  57    3   apec       norm                8.16879E-07  = 6
#  58    4   apec       kT         keV      0.259118     = 7
#  59    4   apec       Abundanc            1.00000      = 8
#  60    4   apec       Redshift            0.0          = 9
#  61    4   apec       norm                4.35584E-07  = 10
#  62    5   powerlaw   PhoIndex            1.41000      = 11
#  63    5   powerlaw   norm                8.87690E-07  = 12
#  64    6   apec       kT         keV      1.00000      = 13
#  65    6   apec       Abundanc            0.200000     = 14
#  66    6   apec       Redshift            0.210000     = 15
#  67    6   apec       norm                2.00000E-06  = 16
#  68    7   phabs      nH         10^22    1.62000E-02  = 17
#________________________________________________________________________
#
#
#Fit statistic : Chi-Squared =         211.59 using 113 PHA bins.
#
#Test statistic : Chi-Squared =         211.59 using 113 PHA bins.
# Reduced chi-squared =         1.9062 for    111 degrees of freedom 
# Null hypothesis probability =   2.889609e-08
# Current data and model not fit yet.
#
!XSPEC12>mo 2:m1sp1 pow  ;  1.0                0.01         -3         -2          9         10  ;  1E-03              0.01          0          0      1e+24      1e+24;
#
!XSPEC12>model 2:m1sp1 pow ; 1.0 0.01 -3 -2 9 10 ; 1E-03 0.01 0 0 1e+24 1e+24
#
#========================================================================
#Model m1sp1:powerlaw<1> Source No.: 2   Active/On
#Model Model Component  Parameter  Unit     Value
# par  comp
#                           Data group: 1
#   1    1   powerlaw   PhoIndex            1.00000      +/-  0.0          
#   2    1   powerlaw   norm                1.00000E-03  +/-  0.0          
#________________________________________________________________________
#
#
#Fit statistic : Chi-Squared =         199.77 using 113 PHA bins.
#
#Test statistic : Chi-Squared =         199.77 using 113 PHA bins.
# Reduced chi-squared =         1.8327 for    109 degrees of freedom 
# Null hypothesis probability =   2.638707e-07
# Current data and model not fit yet.
#
!XSPEC12>mo 3:m2sp1 pow  ;  = m1sp1:1  ;  = 0.99100 * m1sp1:2;
#
!XSPEC12>model 3:m2sp1 pow ; = m1sp1:1 ; = 0.99100 * m1sp1:2
#
#========================================================================
#Model m2sp1:powerlaw<1> Source No.: 3   Active/On
#Model Model Component  Parameter  Unit     Value
# par  comp
#                           Data group: 2
#   1    1   powerlaw   PhoIndex            1.00000      = m1sp1:1
#   2    1   powerlaw   norm                9.91000E-04  = 0.99100*m1sp1:2
#________________________________________________________________________
#
#
#Fit statistic : Chi-Squared =         184.87 using 113 PHA bins.
#
#Test statistic : Chi-Squared =         184.87 using 113 PHA bins.
# Reduced chi-squared =         1.6961 for    109 degrees of freedom 
# Null hypothesis probability =   7.831341e-06
# Current data and model not fit yet.
#
!XSPEC12>mo 4:m1sp2 pow  ;  = m1sp1:1  ;  1E-03              0.01          0          0      1e+24      1e+24;
#
!XSPEC12>model 4:m1sp2 pow ; = m1sp1:1 ; 1E-03 0.01 0 0 1e+24 1e+24
#
#========================================================================
#Model m1sp2:powerlaw<1> Source No.: 4   Active/On
#Model Model Component  Parameter  Unit     Value
# par  comp
#                           Data group: 3
#   1    1   powerlaw   PhoIndex            1.00000      = m1sp1:1
#   2    1   powerlaw   norm                1.00000E-03  +/-  0.0          
#________________________________________________________________________
#
#
#Fit statistic : Chi-Squared =         174.08 using 113 PHA bins.
#
#Test statistic : Chi-Squared =         174.08 using 113 PHA bins.
# Reduced chi-squared =         1.6119 for    108 degrees of freedom 
# Null hypothesis probability =   5.803897e-05
# Current data and model not fit yet.
#
!XSPEC12>mo 5:m2sp2 pow  ;  = m1sp1:1  ;  = 0.96826 * m1sp2:2;
#
!XSPEC12>model 5:m2sp2 pow ; = m1sp1:1 ; = 0.96826 * m1sp2:2
#
#========================================================================
#Model m2sp2:powerlaw<1> Source No.: 5   Active/On
#Model Model Component  Parameter  Unit     Value
# par  comp
#                           Data group: 4
#   1    1   powerlaw   PhoIndex            1.00000      = m1sp1:1
#   2    1   powerlaw   norm                9.68260E-04  = 0.96826*m1sp2:2
#________________________________________________________________________
#
#
#Fit statistic : Chi-Squared =         166.96 using 113 PHA bins.
#
#Test statistic : Chi-Squared =         166.96 using 113 PHA bins.
# Reduced chi-squared =         1.5459 for    108 degrees of freedom 
# Null hypothesis probability =   2.368744e-04
# Current data and model not fit yet.
#
!XSPEC12>renorm;
#
#Fit statistic : Chi-Squared =         166.95 using 113 PHA bins.
#
#Test statistic : Chi-Squared =         166.95 using 113 PHA bins.
# Reduced chi-squared =         1.5458 for    108 degrees of freedom 
# Null hypothesis probability =   2.374954e-04
# Current data and model not fit yet.
#
!XSPEC12>fit 1000 1e-2;
#                                   Parameters
#Chi-Squared  |beta|/N    Lvl         13:kT       16:norm m1sp1:1:PhoIn  m1sp1:2:norm  m1sp2:2:norm
#165.88       1.45114e+06  -2       1.40554   9.29765e-07       1.53634    0.00359240    0.00377505
#117.597      2.27652e+06  -3       4.53834   2.84255e-06      0.932052    0.00184899    0.00204431
#117.451      915274       -2       1.76970   3.24654e-06      0.500552   0.000934827    0.00100154
#114.323      150159       -3       3.37087   4.39123e-06    0.00811931   0.000307589   0.000344016
#111.031      174221       -4       3.87244   3.75667e-06      0.168949   0.000528428   0.000560913
#110.709      89788.6      -5       4.56968   3.96290e-06   -0.00610229   0.000394976   0.000419331
#110.665      29355.7      -6       5.06161   4.04211e-06    -0.0810907   0.000343795   0.000363631
#110.663      5357.92      -7       5.09120   4.05148e-06    -0.0954960   0.000337613   0.000356825
#============================================================
# Variances and Principal Axes
#                13       16  m1sp1:1  m1sp1:2  m1sp2:2  
# 1.7473E-13| -0.0000  -1.0000   0.0000  -0.0017  -0.0011  
# 1.0654E-08|  0.0000  -0.0013  -0.0004   0.9557  -0.2943  
# 1.7472E-08| -0.0000   0.0015   0.0007  -0.2943  -0.9557  
# 3.6493E+01|  0.9649   0.0000  -0.2625  -0.0002  -0.0002  
# 1.1182E+00|  0.2625  -0.0000   0.9649   0.0005   0.0006  
#------------------------------------------------------------
#
#============================================================
#  Covariance Matrix
#        1           2           3           4           5   
#   3.405e+01   9.019e-06  -8.962e+00  -6.392e-03  -6.671e-03
#   9.019e-06   3.404e-12  -3.342e-06  -2.271e-09  -2.365e-09
#  -8.962e+00  -3.342e-06   3.557e+00   2.371e-03   2.470e-03
#  -6.392e-03  -2.271e-09   2.371e-03   1.607e-06   1.665e-06
#  -6.671e-03  -2.365e-09   2.470e-03   1.665e-06   1.749e-06
#------------------------------------------------------------
#
#========================================================================
#Model constant<1>*constant<2>(apec<3> + (apec<4> + powerlaw<5> + apec<6>)phabs<7>) Source No.: 1   Active/On
#Model Model Component  Parameter  Unit     Value
# par  comp
#                           Data group: 1
#   1    1   constant   factor              1.00000      frozen
#   2    2   constant   factor              18.1920      frozen
#   3    3   apec       kT         keV      0.132351     frozen
#   4    3   apec       Abundanc            1.00000      frozen
#   5    3   apec       Redshift            0.0          frozen
#   6    3   apec       norm                8.16879E-07  frozen
#   7    4   apec       kT         keV      0.259118     frozen
#   8    4   apec       Abundanc            1.00000      frozen
#   9    4   apec       Redshift            0.0          frozen
#  10    4   apec       norm                4.35584E-07  frozen
#  11    5   powerlaw   PhoIndex            1.41000      frozen
#  12    5   powerlaw   norm                8.87690E-07  frozen
#  13    6   apec       kT         keV      5.09120      +/-  5.83564      
#  14    6   apec       Abundanc            0.200000     frozen
#  15    6   apec       Redshift            0.210000     frozen
#  16    6   apec       norm                4.05148E-06  +/-  1.84496E-06  
#  17    7   phabs      nH         10^22    1.62000E-02  frozen
#                           Data group: 2
#  18    1   constant   factor              1.00000      = 1
#  19    2   constant   factor              18.2800      frozen
#  20    3   apec       kT         keV      0.132351     = 3
#  21    3   apec       Abundanc            1.00000      = 4
#  22    3   apec       Redshift            0.0          = 5
#  23    3   apec       norm                8.16879E-07  = 6
#  24    4   apec       kT         keV      0.259118     = 7
#  25    4   apec       Abundanc            1.00000      = 8
#  26    4   apec       Redshift            0.0          = 9
#  27    4   apec       norm                4.35584E-07  = 10
#  28    5   powerlaw   PhoIndex            1.41000      = 11
#  29    5   powerlaw   norm                8.87690E-07  = 12
#  30    6   apec       kT         keV      5.09120      = 13
#  31    6   apec       Abundanc            0.200000     = 14
#  32    6   apec       Redshift            0.210000     = 15
#  33    6   apec       norm                4.05148E-06  = 16
#  34    7   phabs      nH         10^22    1.62000E-02  = 17
#                           Data group: 3
#  35    1   constant   factor              1.00000      = 1
#  36    2   constant   factor              16.9070      frozen
#  37    3   apec       kT         keV      0.132351     = 3
#  38    3   apec       Abundanc            1.00000      = 4
#  39    3   apec       Redshift            0.0          = 5
#  40    3   apec       norm                8.16879E-07  = 6
#  41    4   apec       kT         keV      0.259118     = 7
#  42    4   apec       Abundanc            1.00000      = 8
#  43    4   apec       Redshift            0.0          = 9
#  44    4   apec       norm                4.35584E-07  = 10
#  45    5   powerlaw   PhoIndex            1.41000      = 11
#  46    5   powerlaw   norm                8.87690E-07  = 12
#  47    6   apec       kT         keV      5.09120      = 13
#  48    6   apec       Abundanc            0.200000     = 14
#  49    6   apec       Redshift            0.210000     = 15
#  50    6   apec       norm                4.05148E-06  = 16
#  51    7   phabs      nH         10^22    1.62000E-02  = 17
#                           Data group: 4
#  52    1   constant   factor              1.00000      = 1
#  53    2   constant   factor              16.8290      frozen
#  54    3   apec       kT         keV      0.132351     = 3
#  55    3   apec       Abundanc            1.00000      = 4
#  56    3   apec       Redshift            0.0          = 5
#  57    3   apec       norm                8.16879E-07  = 6
#  58    4   apec       kT         keV      0.259118     = 7
#  59    4   apec       Abundanc            1.00000      = 8
#  60    4   apec       Redshift            0.0          = 9
#  61    4   apec       norm                4.35584E-07  = 10
#  62    5   powerlaw   PhoIndex            1.41000      = 11
#  63    5   powerlaw   norm                8.87690E-07  = 12
#  64    6   apec       kT         keV      5.09120      = 13
#  65    6   apec       Abundanc            0.200000     = 14
#  66    6   apec       Redshift            0.210000     = 15
#  67    6   apec       norm                4.05148E-06  = 16
#  68    7   phabs      nH         10^22    1.62000E-02  = 17
#________________________________________________________________________
#
#
#========================================================================
#Model m1sp1:powerlaw<1> Source No.: 2   Active/On
#Model Model Component  Parameter  Unit     Value
# par  comp
#                           Data group: 1
#   1    1   powerlaw   PhoIndex            -9.54960E-02 +/-  1.88588      
#   2    1   powerlaw   norm                3.37613E-04  +/-  1.26780E-03  
#________________________________________________________________________
#
#
#========================================================================
#Model m1sp2:powerlaw<1> Source No.: 4   Active/On
#Model Model Component  Parameter  Unit     Value
# par  comp
#                           Data group: 3
#   1    1   powerlaw   PhoIndex            -9.54960E-02 = m1sp1:1
#   2    1   powerlaw   norm                3.56825E-04  +/-  1.32265E-03  
#________________________________________________________________________
#
#
#========================================================================
#Model m2sp1:powerlaw<1> Source No.: 3   Active/On
#Model Model Component  Parameter  Unit     Value
# par  comp
#                           Data group: 2
#   1    1   powerlaw   PhoIndex            -9.54960E-02 = m1sp1:1
#   2    1   powerlaw   norm                3.34574E-04  = 0.99100*m1sp1:2
#________________________________________________________________________
#
#
#========================================================================
#Model m2sp2:powerlaw<1> Source No.: 5   Active/On
#Model Model Component  Parameter  Unit     Value
# par  comp
#                           Data group: 4
#   1    1   powerlaw   PhoIndex            -9.54960E-02 = m1sp1:1
#   2    1   powerlaw   norm                3.45500E-04  = 0.96826*m1sp2:2
#________________________________________________________________________
#
#
#Fit statistic : Chi-Squared =         110.66 using 113 PHA bins.
#
#Test statistic : Chi-Squared =         110.66 using 113 PHA bins.
# Reduced chi-squared =         1.0247 for    108 degrees of freedom 
# Null hypothesis probability =   4.109784e-01
#
!XSPEC12> sho fre
#
#Free parameters defined:
#========================================================================
#Model constant<1>*constant<2>(apec<3> + (apec<4> + powerlaw<5> + apec<6>)phabs<7>) Source No.: 1   Active/On
#Model Model Component  Parameter  Unit     Value
# par  comp
#                           Data group: 1
#  13    6   apec       kT         keV      5.09120      +/-  5.83564      
#  16    6   apec       norm                4.05148E-06  +/-  1.84496E-06  
#                           Data group: 2
#                           Data group: 3
#                           Data group: 4
#________________________________________________________________________
#
#========================================================================
#Model m1sp1:powerlaw<1> Source No.: 2   Active/On
#Model Model Component  Parameter  Unit     Value
# par  comp
#                           Data group: 1
#   1    1   powerlaw   PhoIndex            -9.54960E-02 +/-  1.88588      
#   2    1   powerlaw   norm                3.37613E-04  +/-  1.26780E-03  
#________________________________________________________________________
#
#========================================================================
#Model m1sp2:powerlaw<1> Source No.: 4   Active/On
#Model Model Component  Parameter  Unit     Value
# par  comp
#                           Data group: 3
#   2    1   powerlaw   norm                3.56825E-04  +/-  1.32265E-03  
#________________________________________________________________________
#
#========================================================================
#Model m2sp1:powerlaw<1> Source No.: 3   Active/On
#Model Model Component  Parameter  Unit     Value
# par  comp
#                           Data group: 2
#________________________________________________________________________
#
#========================================================================
#Model m2sp2:powerlaw<1> Source No.: 5   Active/On
#Model Model Component  Parameter  Unit     Value
# par  comp
#                           Data group: 4
#________________________________________________________________________
#
#
!XSPEC12> newpar 13 1.0
#
#Fit statistic : Chi-Squared =         213.91 using 113 PHA bins.
#
#Test statistic : Chi-Squared =         213.91 using 113 PHA bins.
# Reduced chi-squared =         1.9807 for    108 degrees of freedom 
# Null hypothesis probability =   5.703095e-09
# Current data and model not fit yet.
#
!XSPEC12> freeze 13
#
#Fit statistic : Chi-Squared =         213.91 using 113 PHA bins.
#
#Test statistic : Chi-Squared =         213.91 using 113 PHA bins.
# Reduced chi-squared =         1.9625 for    109 degrees of freedom 
# Null hypothesis probability =   8.116507e-09
# Current data and model not fit yet.
#
!XSPEC12> renorm
#
#Fit statistic : Chi-Squared =         175.48 using 113 PHA bins.
#
#Test statistic : Chi-Squared =         175.48 using 113 PHA bins.
# Reduced chi-squared =         1.6099 for    109 degrees of freedom 
# Null hypothesis probability =   5.639041e-05
# Current data and model not fit yet.
#
!XSPEC12> fit 1000 1e-2
#                                   Parameters
#Chi-Squared  |beta|/N    Lvl       16:norm m1sp1:1:PhoIn  m1sp1:2:norm  m1sp2:2:norm
#146.14       1.4631e+06   -1   1.78448e-06      0.268478   0.000674424   0.000703971
#132.09       263268       -1   1.30035e-06      0.564625    0.00132180    0.00136230
#124.031      227935       -1   7.50024e-07      0.781938    0.00203441    0.00209532
#120.35       250841       -1   2.62214e-07      0.911924    0.00260358    0.00270167
#119.611      197329       -1   9.93872e-08      0.983444    0.00295195    0.00308519
#119.384      641608        0   4.87335e-08      0.981350    0.00295402    0.00309424
#119.25       487274        0   8.48708e-09      0.982083    0.00296428    0.00310793
#119.232      387166        0   1.52677e-10      0.984395    0.00297879    0.00312451
#119.231      400896        0   6.44586e-11      0.984397    0.00297763    0.00312357
#==================================================
# Variances and Principal Axes
#                16  m1sp1:1  m1sp1:2  m1sp2:2  
# 7.7964E-14| -1.0000  -0.0000  -0.0005  -0.0003  
# 1.1798E-07|  0.0003   0.0012  -0.8853   0.4650  
# 2.3012E-07| -0.0005  -0.0047   0.4650   0.8853  
# 2.6748E-02| -0.0000   1.0000   0.0033   0.0036  
#--------------------------------------------------
#
#================================================
#  Covariance Matrix
#        1           2           3           4   
#   3.844e-13  -8.116e-08  -3.463e-10  -3.698e-10
#  -8.116e-08   2.675e-02   8.773e-05   9.563e-05
#  -3.463e-10   8.773e-05   4.300e-07   3.598e-07
#  -3.698e-10   9.563e-05   3.598e-07   5.478e-07
#------------------------------------------------
#
#========================================================================
#Model constant<1>*constant<2>(apec<3> + (apec<4> + powerlaw<5> + apec<6>)phabs<7>) Source No.: 1   Active/On
#Model Model Component  Parameter  Unit     Value
# par  comp
#                           Data group: 1
#   1    1   constant   factor              1.00000      frozen
#   2    2   constant   factor              18.1920      frozen
#   3    3   apec       kT         keV      0.132351     frozen
#   4    3   apec       Abundanc            1.00000      frozen
#   5    3   apec       Redshift            0.0          frozen
#   6    3   apec       norm                8.16879E-07  frozen
#   7    4   apec       kT         keV      0.259118     frozen
#   8    4   apec       Abundanc            1.00000      frozen
#   9    4   apec       Redshift            0.0          frozen
#  10    4   apec       norm                4.35584E-07  frozen
#  11    5   powerlaw   PhoIndex            1.41000      frozen
#  12    5   powerlaw   norm                8.87690E-07  frozen
#  13    6   apec       kT         keV      1.00000      frozen
#  14    6   apec       Abundanc            0.200000     frozen
#  15    6   apec       Redshift            0.210000     frozen
#  16    6   apec       norm                6.44586E-11  +/-  6.19979E-07  
#  17    7   phabs      nH         10^22    1.62000E-02  frozen
#                           Data group: 2
#  18    1   constant   factor              1.00000      = 1
#  19    2   constant   factor              18.2800      frozen
#  20    3   apec       kT         keV      0.132351     = 3
#  21    3   apec       Abundanc            1.00000      = 4
#  22    3   apec       Redshift            0.0          = 5
#  23    3   apec       norm                8.16879E-07  = 6
#  24    4   apec       kT         keV      0.259118     = 7
#  25    4   apec       Abundanc            1.00000      = 8
#  26    4   apec       Redshift            0.0          = 9
#  27    4   apec       norm                4.35584E-07  = 10
#  28    5   powerlaw   PhoIndex            1.41000      = 11
#  29    5   powerlaw   norm                8.87690E-07  = 12
#  30    6   apec       kT         keV      1.00000      = 13
#  31    6   apec       Abundanc            0.200000     = 14
#  32    6   apec       Redshift            0.210000     = 15
#  33    6   apec       norm                6.44586E-11  = 16
#  34    7   phabs      nH         10^22    1.62000E-02  = 17
#                           Data group: 3
#  35    1   constant   factor              1.00000      = 1
#  36    2   constant   factor              16.9070      frozen
#  37    3   apec       kT         keV      0.132351     = 3
#  38    3   apec       Abundanc            1.00000      = 4
#  39    3   apec       Redshift            0.0          = 5
#  40    3   apec       norm                8.16879E-07  = 6
#  41    4   apec       kT         keV      0.259118     = 7
#  42    4   apec       Abundanc            1.00000      = 8
#  43    4   apec       Redshift            0.0          = 9
#  44    4   apec       norm                4.35584E-07  = 10
#  45    5   powerlaw   PhoIndex            1.41000      = 11
#  46    5   powerlaw   norm                8.87690E-07  = 12
#  47    6   apec       kT         keV      1.00000      = 13
#  48    6   apec       Abundanc            0.200000     = 14
#  49    6   apec       Redshift            0.210000     = 15
#  50    6   apec       norm                6.44586E-11  = 16
#  51    7   phabs      nH         10^22    1.62000E-02  = 17
#                           Data group: 4
#  52    1   constant   factor              1.00000      = 1
#  53    2   constant   factor              16.8290      frozen
#  54    3   apec       kT         keV      0.132351     = 3
#  55    3   apec       Abundanc            1.00000      = 4
#  56    3   apec       Redshift            0.0          = 5
#  57    3   apec       norm                8.16879E-07  = 6
#  58    4   apec       kT         keV      0.259118     = 7
#  59    4   apec       Abundanc            1.00000      = 8
#  60    4   apec       Redshift            0.0          = 9
#  61    4   apec       norm                4.35584E-07  = 10
#  62    5   powerlaw   PhoIndex            1.41000      = 11
#  63    5   powerlaw   norm                8.87690E-07  = 12
#  64    6   apec       kT         keV      1.00000      = 13
#  65    6   apec       Abundanc            0.200000     = 14
#  66    6   apec       Redshift            0.210000     = 15
#  67    6   apec       norm                6.44586E-11  = 16
#  68    7   phabs      nH         10^22    1.62000E-02  = 17
#________________________________________________________________________
#
#
#========================================================================
#Model m1sp1:powerlaw<1> Source No.: 2   Active/On
#Model Model Component  Parameter  Unit     Value
# par  comp
#                           Data group: 1
#   1    1   powerlaw   PhoIndex            0.984397     +/-  0.163545     
#   2    1   powerlaw   norm                2.97763E-03  +/-  6.55718E-04  
#________________________________________________________________________
#
#
#========================================================================
#Model m1sp2:powerlaw<1> Source No.: 4   Active/On
#Model Model Component  Parameter  Unit     Value
# par  comp
#                           Data group: 3
#   1    1   powerlaw   PhoIndex            0.984397     = m1sp1:1
#   2    1   powerlaw   norm                3.12357E-03  +/-  7.40151E-04  
#________________________________________________________________________
#
#
#========================================================================
#Model m2sp1:powerlaw<1> Source No.: 3   Active/On
#Model Model Component  Parameter  Unit     Value
# par  comp
#                           Data group: 2
#   1    1   powerlaw   PhoIndex            0.984397     = m1sp1:1
#   2    1   powerlaw   norm                2.95083E-03  = 0.99100*m1sp1:2
#________________________________________________________________________
#
#
#========================================================================
#Model m2sp2:powerlaw<1> Source No.: 5   Active/On
#Model Model Component  Parameter  Unit     Value
# par  comp
#                           Data group: 4
#   1    1   powerlaw   PhoIndex            0.984397     = m1sp1:1
#   2    1   powerlaw   norm                3.02442E-03  = 0.96826*m1sp2:2
#________________________________________________________________________
#
#
#Fit statistic : Chi-Squared =         119.23 using 113 PHA bins.
#
#Test statistic : Chi-Squared =         119.23 using 113 PHA bins.
# Reduced chi-squared =         1.0939 for    109 degrees of freedom 
# Null hypothesis probability =   2.366265e-01
#
!XSPEC12> thaw 13
#
#Fit statistic : Chi-Squared =         119.23 using 113 PHA bins.
#
#Test statistic : Chi-Squared =         119.23 using 113 PHA bins.
# Reduced chi-squared =         1.1040 for    108 degrees of freedom 
# Null hypothesis probability =   2.164658e-01
# Current data and model not fit yet.
#
!XSPEC12> renorm
#
#Fit statistic : Chi-Squared =         119.23 using 113 PHA bins.
#
#Test statistic : Chi-Squared =         119.23 using 113 PHA bins.
# Reduced chi-squared =         1.1039 for    108 degrees of freedom 
# Null hypothesis probability =   2.165584e-01
# Current data and model not fit yet.
#
!XSPEC12> fit 1000 1e-2
#                                   Parameters
#Chi-Squared  |beta|/N    Lvl         13:kT       16:norm m1sp1:1:PhoIn  m1sp1:2:norm  m1sp2:2:norm
#119.226      285131        1       47.2282   3.09635e-11      0.984367    0.00296072    0.00310586
#============================================================
# Variances and Principal Axes
#                13       16  m1sp1:1  m1sp1:2  m1sp2:2  
# 7.7964E-14| -0.0000   1.0000   0.0000   0.0005   0.0003  
# 1.1798E-07|  0.0000  -0.0003  -0.0012   0.8853  -0.4650  
# 2.3012E-07| -0.0000   0.0005   0.0047  -0.4650  -0.8853  
# 4.4477E+06| -1.0000  -0.0000  -0.0000  -0.0000  -0.0000  
# 2.7074E-02|  0.0000   0.0000  -1.0000  -0.0033  -0.0036  
#------------------------------------------------------------
#
#============================================================
#  Covariance Matrix
#        1           2           3           4           5   
#   1.306e+07   1.034e-04   1.681e+02   5.070e-01   5.480e-01
#   1.034e-04   3.852e-13  -8.032e-08  -3.422e-10  -3.655e-10
#   1.681e+02  -8.032e-08   2.923e-02   9.478e-05   1.033e-04
#   5.070e-01  -3.422e-10   9.478e-05   4.496e-07   3.811e-07
#   5.480e-01  -3.655e-10   1.033e-04   3.811e-07   5.708e-07
#------------------------------------------------------------
#
#========================================================================
#Model constant<1>*constant<2>(apec<3> + (apec<4> + powerlaw<5> + apec<6>)phabs<7>) Source No.: 1   Active/On
#Model Model Component  Parameter  Unit     Value
# par  comp
#                           Data group: 1
#   1    1   constant   factor              1.00000      frozen
#   2    2   constant   factor              18.1920      frozen
#   3    3   apec       kT         keV      0.132351     frozen
#   4    3   apec       Abundanc            1.00000      frozen
#   5    3   apec       Redshift            0.0          frozen
#   6    3   apec       norm                8.16879E-07  frozen
#   7    4   apec       kT         keV      0.259118     frozen
#   8    4   apec       Abundanc            1.00000      frozen
#   9    4   apec       Redshift            0.0          frozen
#  10    4   apec       norm                4.35584E-07  frozen
#  11    5   powerlaw   PhoIndex            1.41000      frozen
#  12    5   powerlaw   norm                8.87690E-07  frozen
#  13    6   apec       kT         keV      47.2282      +/-  3614.55      
#  14    6   apec       Abundanc            0.200000     frozen
#  15    6   apec       Redshift            0.210000     frozen
#  16    6   apec       norm                3.09635E-11  +/-  6.20640E-07  
#  17    7   phabs      nH         10^22    1.62000E-02  frozen
#                           Data group: 2
#  18    1   constant   factor              1.00000      = 1
#  19    2   constant   factor              18.2800      frozen
#  20    3   apec       kT         keV      0.132351     = 3
#  21    3   apec       Abundanc            1.00000      = 4
#  22    3   apec       Redshift            0.0          = 5
#  23    3   apec       norm                8.16879E-07  = 6
#  24    4   apec       kT         keV      0.259118     = 7
#  25    4   apec       Abundanc            1.00000      = 8
#  26    4   apec       Redshift            0.0          = 9
#  27    4   apec       norm                4.35584E-07  = 10
#  28    5   powerlaw   PhoIndex            1.41000      = 11
#  29    5   powerlaw   norm                8.87690E-07  = 12
#  30    6   apec       kT         keV      47.2282      = 13
#  31    6   apec       Abundanc            0.200000     = 14
#  32    6   apec       Redshift            0.210000     = 15
#  33    6   apec       norm                3.09635E-11  = 16
#  34    7   phabs      nH         10^22    1.62000E-02  = 17
#                           Data group: 3
#  35    1   constant   factor              1.00000      = 1
#  36    2   constant   factor              16.9070      frozen
#  37    3   apec       kT         keV      0.132351     = 3
#  38    3   apec       Abundanc            1.00000      = 4
#  39    3   apec       Redshift            0.0          = 5
#  40    3   apec       norm                8.16879E-07  = 6
#  41    4   apec       kT         keV      0.259118     = 7
#  42    4   apec       Abundanc            1.00000      = 8
#  43    4   apec       Redshift            0.0          = 9
#  44    4   apec       norm                4.35584E-07  = 10
#  45    5   powerlaw   PhoIndex            1.41000      = 11
#  46    5   powerlaw   norm                8.87690E-07  = 12
#  47    6   apec       kT         keV      47.2282      = 13
#  48    6   apec       Abundanc            0.200000     = 14
#  49    6   apec       Redshift            0.210000     = 15
#  50    6   apec       norm                3.09635E-11  = 16
#  51    7   phabs      nH         10^22    1.62000E-02  = 17
#                           Data group: 4
#  52    1   constant   factor              1.00000      = 1
#  53    2   constant   factor              16.8290      frozen
#  54    3   apec       kT         keV      0.132351     = 3
#  55    3   apec       Abundanc            1.00000      = 4
#  56    3   apec       Redshift            0.0          = 5
#  57    3   apec       norm                8.16879E-07  = 6
#  58    4   apec       kT         keV      0.259118     = 7
#  59    4   apec       Abundanc            1.00000      = 8
#  60    4   apec       Redshift            0.0          = 9
#  61    4   apec       norm                4.35584E-07  = 10
#  62    5   powerlaw   PhoIndex            1.41000      = 11
#  63    5   powerlaw   norm                8.87690E-07  = 12
#  64    6   apec       kT         keV      47.2282      = 13
#  65    6   apec       Abundanc            0.200000     = 14
#  66    6   apec       Redshift            0.210000     = 15
#  67    6   apec       norm                3.09635E-11  = 16
#  68    7   phabs      nH         10^22    1.62000E-02  = 17
#________________________________________________________________________
#
#
#========================================================================
#Model m1sp1:powerlaw<1> Source No.: 2   Active/On
#Model Model Component  Parameter  Unit     Value
# par  comp
#                           Data group: 1
#   1    1   powerlaw   PhoIndex            0.984367     +/-  0.170982     
#   2    1   powerlaw   norm                2.96072E-03  +/-  6.70549E-04  
#________________________________________________________________________
#
#
#========================================================================
#Model m1sp2:powerlaw<1> Source No.: 4   Active/On
#Model Model Component  Parameter  Unit     Value
# par  comp
#                           Data group: 3
#   1    1   powerlaw   PhoIndex            0.984367     = m1sp1:1
#   2    1   powerlaw   norm                3.10586E-03  +/-  7.55535E-04  
#________________________________________________________________________
#
#
#========================================================================
#Model m2sp1:powerlaw<1> Source No.: 3   Active/On
#Model Model Component  Parameter  Unit     Value
# par  comp
#                           Data group: 2
#   1    1   powerlaw   PhoIndex            0.984367     = m1sp1:1
#   2    1   powerlaw   norm                2.93408E-03  = 0.99100*m1sp1:2
#________________________________________________________________________
#
#
#========================================================================
#Model m2sp2:powerlaw<1> Source No.: 5   Active/On
#Model Model Component  Parameter  Unit     Value
# par  comp
#                           Data group: 4
#   1    1   powerlaw   PhoIndex            0.984367     = m1sp1:1
#   2    1   powerlaw   norm                3.00728E-03  = 0.96826*m1sp2:2
#________________________________________________________________________
#
#
#Fit statistic : Chi-Squared =         119.23 using 113 PHA bins.
#
#Test statistic : Chi-Squared =         119.23 using 113 PHA bins.
# Reduced chi-squared =         1.1039 for    108 degrees of freedom 
# Null hypothesis probability =   2.165641e-01
#
!XSPEC12> sho fre
#
#Free parameters defined:
#========================================================================
#Model constant<1>*constant<2>(apec<3> + (apec<4> + powerlaw<5> + apec<6>)phabs<7>) Source No.: 1   Active/On
#Model Model Component  Parameter  Unit     Value
# par  comp
#                           Data group: 1
#  13    6   apec       kT         keV      47.2282      +/-  3614.55      
#  16    6   apec       norm                3.09635E-11  +/-  6.20640E-07  
#                           Data group: 2
#                           Data group: 3
#                           Data group: 4
#________________________________________________________________________
#
#========================================================================
#Model m1sp1:powerlaw<1> Source No.: 2   Active/On
#Model Model Component  Parameter  Unit     Value
# par  comp
#                           Data group: 1
#   1    1   powerlaw   PhoIndex            0.984367     +/-  0.170982     
#   2    1   powerlaw   norm                2.96072E-03  +/-  6.70549E-04  
#________________________________________________________________________
#
#========================================================================
#Model m1sp2:powerlaw<1> Source No.: 4   Active/On
#Model Model Component  Parameter  Unit     Value
# par  comp
#                           Data group: 3
#   2    1   powerlaw   norm                3.10586E-03  +/-  7.55535E-04  
#________________________________________________________________________
#
#========================================================================
#Model m2sp1:powerlaw<1> Source No.: 3   Active/On
#Model Model Component  Parameter  Unit     Value
# par  comp
#                           Data group: 2
#________________________________________________________________________
#
#========================================================================
#Model m2sp2:powerlaw<1> Source No.: 5   Active/On
#Model Model Component  Parameter  Unit     Value
# par  comp
#                           Data group: 4
#________________________________________________________________________
#
#
!XSPEC12> cpd /xw
#
!XSPEC12> setp energy
#
!XSPEC12> setp rebin 5 30
#
!XSPEC12> plot lda ra
#
!XSPEC12> log none
#